<?xml version="1.0" encoding="UTF-8"?>
<!-- Generated by org.testng.reporters.JUnitReportReporter -->
<testsuite skipped="0" hostname="DESKTOP-4SLAKQP" name="physicalRisk.DropdownRiskResponse" tests="1" failures="0" timestamp="2023-05-08T12:53:10 IST" time="27.852" errors="0">
  <testcase name="riskResponseDropdownInPhysical" time="27.852" classname="physicalRisk.DropdownRiskResponse"/>
  <system-out>
    <![CDATA[Successfully clicked on Physical Risk Assessment text on Hipaa Risk Management Page
Successfully clicked on Risk Assessment on left navigation bar in Physical risks page
The Risk Response Dropdown options from UI are 
Transfer
Mitigate
Avoid
Accept
The Risk Response Dropdown Options from Excel are
Transfer
Mitigate
Avoid
Accept
Options are Matching]]>
  </system-out>
</testsuite> <!-- physicalRisk.DropdownRiskResponse -->
