<?xml version="1.0" encoding="UTF-8"?>
<!-- Generated by org.testng.reporters.JUnitReportReporter -->
<testsuite hostname="TYSS-Shashank" failures="0" tests="1" name="Hipaa.ToCreateNewSoftwareAsset" time="23.401" errors="0" timestamp="2023-04-24T23:02:22 IST" skipped="0">
  <testcase classname="Hipaa.ToCreateNewSoftwareAsset" name="newSoftwareAsset" time="23.401"/>
  <system-out>
    <![CDATA[The Risk ID captured is GUC757]]>
  </system-out>
</testsuite> <!-- Hipaa.ToCreateNewSoftwareAsset -->
