<?xml version="1.0" encoding="UTF-8"?>
<!-- Generated by org.testng.reporters.JUnitReportReporter -->
<testsuite hostname="TYSS-Shashank" failures="0" tests="1" name="Hipaa.Demo" time="29.020" errors="0" timestamp="2023-04-17T18:30:16 IST" skipped="0">
  <testcase classname="Hipaa.Demo" name="demo" time="29.020"/>
  <system-out>
    <![CDATA[     RSKT944 Laptop FEF VW,E 4/4/2023 dfs,dam.,s;.a']]>
  </system-out>
</testsuite> <!-- Hipaa.Demo -->
