<?xml version="1.0" encoding="UTF-8"?>
<!-- Generated by org.testng.reporters.JUnitReportReporter -->
<testsuite skipped="0" hostname="DESKTOP-4SLAKQP" name="technologyRisk.ToCreateANewTechnologyRiskAssessmentNew" tests="2" failures="0" timestamp="2023-05-13T21:38:53 IST" time="270.625" errors="0">
  <testcase name="newTchnologyRiskAssessment" time="149.376" classname="technologyRisk.ToCreateANewTechnologyRiskAssessmentNew"/>
  <system-out>
    <![CDATA[The Risk ID captured is RSKT553
The captured description :The organization:
a. Develops, documents, and disseminates to [Assignment: organization-defined personnel or roles]:
1. An identification and authentication policy that addresses purpose, scope, roles, responsibilities, management commitment, coordination among organizational entities, and compliance; and
2. Procedures to facilitate the implementation of the identification and authentication policy and associated identification and authentication controls; and
b. Reviews and updates the current:
1. Identification and authentication policy [Assignment: organization-defined frequency]; and
2. Identificatio
The Target Quarter is :Q4
The Data in Edit Technology Risk Assessment Page is :
RSKT553
Laptop
Accounts
ToTest
Shashank
10/02/2023
Audit
Human
Totest
Testing
Testing
Confidentiality
Low
Low
Access Control
IDENTIFICATION AND AUTHENTICATION POLICY AND PROCEDURES
The organization:
a. Develops, documents, and disseminates to [Assignment: organization-defined personnel or roles]:
1. An identification and authentication policy that addresses purpose, scope, roles, responsibilities, management commitment, coordination among organizational entities, and compliance; and
2. Procedures to facilitate the implementation of the identification and authentication policy and associated identification and authentication controls; and
b. Reviews and updates the current:
1. Identification and authentication policy [Assignment: organization-defined frequency]; and
2. Identificatio
Testing
Testing
12/02/2023
Q4
Emergency
Mitigate
In-Progress

The data is not matching Expected Identification and Authenticationbut found Access Control]]>
  </system-out>
  <testcase name="newTchnologyRiskAssessment" time="121.249" classname="technologyRisk.ToCreateANewTechnologyRiskAssessmentNew"/>
  <system-out>
    <![CDATA[The Risk ID captured is RSKT822
The captured description :The organization provides contingency training to information system users consistent with assigned roles and responsibilities:
a. Within [Assignment: organization-defined time period] of assuming a contingency role or responsibility;
b. When required by information system changes; and
c. [Assignment: organization-defined frequency] thereafter.
The Target Quarter is :Q4
The Data in Edit Technology Risk Assessment Page is :
RSKT822
Laptop
Accounts
ToTest
Shashank
10/02/2023
Audit
Human
Totest
Testing
Testing
Confidentiality
Low
Low
Access Control
CONTINGENCY PLANNING POLICY AND PROCEDURES
The organization provides contingency training to information system users consistent with assigned roles and responsibilities:
a. Within [Assignment: organization-defined time period] of assuming a contingency role or responsibility;
b. When required by information system changes; and
c. [Assignment: organization-defined frequency] thereafter.
Testing
Testing
12/02/2023
Q4
Emergency
Mitigate
In-Progress

The data is not matching Expected Contingency Planingbut found Access Control
The data is not matching Expected CONTINGENCY TRAININGbut found CONTINGENCY PLANNING POLICY AND PROCEDURES]]>
  </system-out>
</testsuite> <!-- technologyRisk.ToCreateANewTechnologyRiskAssessmentNew -->
