<?xml version="1.0" encoding="UTF-8"?>
<!-- Generated by org.testng.reporters.JUnitReportReporter -->
<testsuite hostname="DESKTOP-4SLAKQP" failures="0" tests="1" name="technologyRisk.DropdownRiskImpactCategory" time="20.779" errors="0" timestamp="2023-05-04T22:32:21 IST" skipped="0">
  <testcase classname="technologyRisk.DropdownRiskImpactCategory" name="riskImpactCatrgoryDropdownOptionInTechnologyRisk" time="20.779"/>
  <system-out>
    <![CDATA[The Risk Impact Category Dropdown options from UI are 
Integrity
Confidentiality
Availability
The Risk Impact Category Dropdown Options from Excel are
Integrity
Confidentiality
Availability
Options are Matching]]>
  </system-out>
</testsuite> <!-- technologyRisk.DropdownRiskImpactCategory -->
