<?xml version="1.0" encoding="UTF-8"?>
<!-- Generated by org.testng.reporters.JUnitReportReporter -->
<testsuite skipped="0" hostname="DESKTOP-4SLAKQP" name="physicalRisk.ToCreateANewPhysicalRiskAssessmentNew" tests="1" failures="0" timestamp="2023-05-14T08:21:41 IST" time="53.517" errors="0">
  <testcase name="newTchnologyRiskAssessment" time="53.517" classname="physicalRisk.ToCreateANewPhysicalRiskAssessmentNew"/>
  <system-out>
    <![CDATA[The Risk ID captured is RSKP031
The captured description :The information system uniquely identifies and authenticates [Assignment: organization-defined specific and/or types of devices] before establishing a [Selection (one or more): local; remote; network] connection.
The Target Quarter is :Q4
The Data in Edit Physical Risk Assessment Page is :
RSKP031
Data Center
Accounts
ToTest
Shashank
10/02/2023
Audit
Human
Totest
Testing
Testing
Confidentiality
Low
Low
Access Control
IDENTIFICATION AND AUTHENTICATION POLICY AND PROCEDURES
The information system uniquely identifies and authenticates [Assignment: organization-defined specific and/or types of devices] before establishing a [Selection (one or more): local; remote; network] connection.
Testing
Testing
12/02/2023
Q4
Emergency
Mitigate
In-Progress

The data is not matching Expected Identification and Authenticationbut found Access Control
The data is not matching Expected DEVICE IDENTIFICATION AND AUTHENTICATIONbut found IDENTIFICATION AND AUTHENTICATION POLICY AND PROCEDURES]]>
  </system-out>
</testsuite> <!-- physicalRisk.ToCreateANewPhysicalRiskAssessmentNew -->
