<?xml version="1.0" encoding="UTF-8"?>
<!-- Generated by org.testng.reporters.JUnitReportReporter -->
<testsuite hostname="DESKTOP-4SLAKQP" failures="0" tests="1" name="technologyRisk.DropdownSubControlNameIfManagementRadioButtonAndPlanningOptionSelected" time="26.238" errors="0" timestamp="2023-05-03T14:50:48 IST" skipped="0">
  <testcase classname="technologyRisk.DropdownSubControlNameIfManagementRadioButtonAndPlanningOptionSelected" name="subControlNameDropdown" time="26.238"/>
  <system-out>
    <![CDATA[Successfully clicked on Technology Risk Assessment text on Hipaa Risk Management Page
Successfully clicked on Risk Assessment on left navigation bar in technology risks page
The Technical System and Communications Protection Sub Control Name Dropdown options from UI are 



SECURITY PLANNING POLICY AND PROCEDURES
SYSTEM SECURITY PLAN
SYSTEM SECURITY PLAN UPDATE
RULES OF BEHAVIOR
PRIVACY IMPACT ASSESSMENT
SECURITY-RELATED ACTIVITY PLANNING
SECURITY CONCEPT OF OPERATIONS
INFORMATION SECURITY ARCHITECTURE
CENTRAL MANAGEMENT]]>
  </system-out>
</testsuite> <!-- technologyRisk.DropdownSubControlNameIfManagementRadioButtonAndPlanningOptionSelected -->
