<?xml version="1.0" encoding="UTF-8"?>
<!-- Generated by org.testng.reporters.JUnitReportReporter -->
<testsuite hostname="DESKTOP-4SLAKQP" failures="0" tests="1" name="technologyRisk.DropdowncontrolNameIfTechnicalRadioButtonSelected" time="25.054" errors="0" timestamp="2023-05-03T12:41:59 IST" skipped="0">
  <testcase classname="technologyRisk.DropdowncontrolNameIfTechnicalRadioButtonSelected" name="technicalDropdown" time="25.054"/>
  <system-out>
    <![CDATA[Successfully clicked on Technology Risk Assessment text on Hipaa Risk Management Page
Successfully clicked on Risk Assessment on left navigation bar in technology risks page
The Technical Control Name Dropdown options from UI are 
Access Control
Audit and Accountability
Identification and Authentication
System and Communications Protection
Error : DropDown options from UI are not matching with expected option in the excel]]>
  </system-out>
</testsuite> <!-- technologyRisk.DropdowncontrolNameIfTechnicalRadioButtonSelected -->
