<?xml version="1.0" encoding="UTF-8"?>
<!-- Generated by org.testng.reporters.JUnitReportReporter -->
<testsuite hostname="TYSS-Shashank" failures="0" tests="1" name="HipaaWebsite.Demo" time="0.010" errors="0" timestamp="2023-04-21T18:51:18 IST" skipped="0">
  <testcase classname="HipaaWebsite.Demo" name="demo" time="0.010"/>
  <system-out/>
</testsuite> <!-- HipaaWebsite.Demo -->
