<?xml version="1.0" encoding="UTF-8"?>
<!-- Generated by org.testng.reporters.JUnitReportReporter -->
<testsuite hostname="DESKTOP-4SLAKQP" failures="0" tests="26" name="administrativeRisk.ToVerifyAllTheLabelsInAdministrativeRiskPage" time="11.840" errors="0" timestamp="2023-05-01T14:38:39 IST" skipped="0">
  <testcase classname="administrativeRisk.ToVerifyAllTheLabelsInAdministrativeRiskPage" name="riskId" time="9.427"/>
  <system-out>
    <![CDATA[Verifyed Risk Id label in New Page]]>
  </system-out>
  <testcase classname="administrativeRisk.ToVerifyAllTheLabelsInAdministrativeRiskPage" name="riskAgent" time="0.197"/>
  <system-out>
    <![CDATA[Verifyed Risk Agent label in New Page]]>
  </system-out>
  <testcase classname="administrativeRisk.ToVerifyAllTheLabelsInAdministrativeRiskPage" name="departmentName" time="0.310"/>
  <system-out>
    <![CDATA[Verifyed Department Name label in New Page]]>
  </system-out>
  <testcase classname="administrativeRisk.ToVerifyAllTheLabelsInAdministrativeRiskPage" name="entityName" time="0.095"/>
  <system-out>
    <![CDATA[Verifyed Entity Name label in New Page]]>
  </system-out>
  <testcase classname="administrativeRisk.ToVerifyAllTheLabelsInAdministrativeRiskPage" name="assessor" time="0.113"/>
  <system-out>
    <![CDATA[Verifyed Assessor label in New Page]]>
  </system-out>
  <testcase classname="administrativeRisk.ToVerifyAllTheLabelsInAdministrativeRiskPage" name="assessed" time="0.097"/>
  <system-out>
    <![CDATA[Verifyed Assessed label in New Page]]>
  </system-out>
  <testcase classname="administrativeRisk.ToVerifyAllTheLabelsInAdministrativeRiskPage" name="riskInput" time="0.070"/>
  <system-out>
    <![CDATA[Verifyed Risk Input label in New Page]]>
  </system-out>
  <testcase classname="administrativeRisk.ToVerifyAllTheLabelsInAdministrativeRiskPage" name="threatSource" time="0.073"/>
  <system-out>
    <![CDATA[Verifyed Threat Source label in New Page]]>
  </system-out>
  <testcase classname="administrativeRisk.ToVerifyAllTheLabelsInAdministrativeRiskPage" name="riskDescription" time="0.082"/>
  <system-out>
    <![CDATA[Verifyed Risk Description label in New Page]]>
  </system-out>
  <testcase classname="administrativeRisk.ToVerifyAllTheLabelsInAdministrativeRiskPage" name="existingControls" time="0.091"/>
  <system-out>
    <![CDATA[Verifyed Existing Controls label in New Page]]>
  </system-out>
  <testcase classname="administrativeRisk.ToVerifyAllTheLabelsInAdministrativeRiskPage" name="riskImpactCategory" time="0.073"/>
  <system-out>
    <![CDATA[Verifyed Risk Impact Category label in New Page]]>
  </system-out>
  <testcase classname="administrativeRisk.ToVerifyAllTheLabelsInAdministrativeRiskPage" name="probabilityOfOccurance" time="0.079"/>
  <system-out>
    <![CDATA[Verifyed Probability of Occurance label in New Page]]>
  </system-out>
  <testcase classname="administrativeRisk.ToVerifyAllTheLabelsInAdministrativeRiskPage" name="impactLevel" time="0.083"/>
  <system-out>
    <![CDATA[Verifyed Impact Level label in New Page]]>
  </system-out>
  <testcase classname="administrativeRisk.ToVerifyAllTheLabelsInAdministrativeRiskPage" name="riskExposureLevel" time="0.067"/>
  <system-out>
    <![CDATA[Verifyed Risk Exposure Level label in New Page]]>
  </system-out>
  <testcase classname="administrativeRisk.ToVerifyAllTheLabelsInAdministrativeRiskPage" name="selectControlClass" time="0.068"/>
  <system-out>
    <![CDATA[Verifyed Select Control Class label in New Page]]>
  </system-out>
  <testcase classname="administrativeRisk.ToVerifyAllTheLabelsInAdministrativeRiskPage" name="controlName" time="0.082"/>
  <system-out>
    <![CDATA[Verifyed Control Name Class label in New Page]]>
  </system-out>
  <testcase classname="administrativeRisk.ToVerifyAllTheLabelsInAdministrativeRiskPage" name="subControlName" time="0.071"/>
  <system-out>
    <![CDATA[Verifyed Sub Control Name label in New Page]]>
  </system-out>
  <testcase classname="administrativeRisk.ToVerifyAllTheLabelsInAdministrativeRiskPage" name="description" time="0.087"/>
  <system-out>
    <![CDATA[Verifyed Description label in New Page]]>
  </system-out>
  <testcase classname="administrativeRisk.ToVerifyAllTheLabelsInAdministrativeRiskPage" name="newControls" time="0.115"/>
  <system-out>
    <![CDATA[Verifyed New Control label in New Page]]>
  </system-out>
  <testcase classname="administrativeRisk.ToVerifyAllTheLabelsInAdministrativeRiskPage" name="responsible" time="0.061"/>
  <system-out>
    <![CDATA[Verifyed Responsible label in New Page]]>
  </system-out>
  <testcase classname="administrativeRisk.ToVerifyAllTheLabelsInAdministrativeRiskPage" name="targetDate" time="0.137"/>
  <system-out>
    <![CDATA[Verifyed Target Date label in New Page]]>
  </system-out>
  <testcase classname="administrativeRisk.ToVerifyAllTheLabelsInAdministrativeRiskPage" name="targetQuarter" time="0.067"/>
  <system-out>
    <![CDATA[Verifyed Target Quarter label in New Page]]>
  </system-out>
  <testcase classname="administrativeRisk.ToVerifyAllTheLabelsInAdministrativeRiskPage" name="responsibleDept" time="0.065"/>
  <system-out>
    <![CDATA[Verifyed Responsible Dept label in New Page]]>
  </system-out>
  <testcase classname="administrativeRisk.ToVerifyAllTheLabelsInAdministrativeRiskPage" name="riskResponse" time="0.057"/>
  <system-out>
    <![CDATA[Verifyed Risk Response label in New Page]]>
  </system-out>
  <testcase classname="administrativeRisk.ToVerifyAllTheLabelsInAdministrativeRiskPage" name="status" time="0.105"/>
  <system-out>
    <![CDATA[Verifyed Status label in New Page]]>
  </system-out>
  <testcase classname="administrativeRisk.ToVerifyAllTheLabelsInAdministrativeRiskPage" name="closedDate" time="0.068"/>
  <system-out>
    <![CDATA[Verifyed  Closed Date label in New Page]]>
  </system-out>
</testsuite> <!-- administrativeRisk.ToVerifyAllTheLabelsInAdministrativeRiskPage -->
