<?xml version="1.0" encoding="UTF-8"?>
<!-- Generated by org.testng.reporters.JUnitReportReporter -->
<testsuite hostname="TYSS-Shashank" failures="0" tests="1" name="Hipaa.Hipaa_013" time="51.629" errors="0" timestamp="2023-04-17T22:35:40 IST" skipped="0">
  <testcase classname="Hipaa.Hipaa_013" name="risInputDropdown" time="51.629"/>
  <system-out>
    <![CDATA[Successfully clicked on Technology Risk Assessment text on Hipaa Risk Management Page
Successfully clicked on Risk Assessment on left navigation bar in technology risks page
The Risk Assest Dropdown are 
Feedback
Audit
Management Review
Periodic Review
Customer
Feedback
Audit
Management Review
Periodic Review
Customer
Options are Matching]]>
  </system-out>
</testsuite> <!-- Hipaa.Hipaa_013 -->
