<?xml version="1.0" encoding="UTF-8"?>
<!-- Generated by org.testng.reporters.JUnitReportReporter -->
<testsuite hostname="DESKTOP-4SLAKQP" failures="0" tests="26" name="technologyRisk.ToVerifyAllTheLabelsInNewRiskPage" time="13.602" errors="0" timestamp="2023-05-04T22:44:49 IST" skipped="0">
  <testcase classname="technologyRisk.ToVerifyAllTheLabelsInNewRiskPage" name="riskIdInTechnologyRisk" time="10.445"/>
  <system-out/>
  <testcase classname="technologyRisk.ToVerifyAllTheLabelsInNewRiskPage" name="riskAssetClassInTechnologyRisk" time="0.272"/>
  <system-out/>
  <testcase classname="technologyRisk.ToVerifyAllTheLabelsInNewRiskPage" name="departmentNameInTechnologyRisk" time="0.280"/>
  <system-out/>
  <testcase classname="technologyRisk.ToVerifyAllTheLabelsInNewRiskPage" name="entityNameInTechnologyRisk" time="0.091"/>
  <system-out/>
  <testcase classname="technologyRisk.ToVerifyAllTheLabelsInNewRiskPage" name="assessorInTechnologyRisk" time="0.106"/>
  <system-out/>
  <testcase classname="technologyRisk.ToVerifyAllTheLabelsInNewRiskPage" name="assessedInTechnologyRisk" time="0.091"/>
  <system-out/>
  <testcase classname="technologyRisk.ToVerifyAllTheLabelsInNewRiskPage" name="riskInputInTechnologyRisk" time="0.085"/>
  <system-out/>
  <testcase classname="technologyRisk.ToVerifyAllTheLabelsInNewRiskPage" name="threatSourceInTechnologyRisk" time="0.084"/>
  <system-out/>
  <testcase classname="technologyRisk.ToVerifyAllTheLabelsInNewRiskPage" name="riskDescriptionInTechnologyRisk" time="0.089"/>
  <system-out/>
  <testcase classname="technologyRisk.ToVerifyAllTheLabelsInNewRiskPage" name="existingControlsInTechnologyRisk" time="0.084"/>
  <system-out/>
  <testcase classname="technologyRisk.ToVerifyAllTheLabelsInNewRiskPage" name="riskImpactCategoryInTechnologyRisk" time="0.080"/>
  <system-out/>
  <testcase classname="technologyRisk.ToVerifyAllTheLabelsInNewRiskPage" name="probabilityOfOccuranceInTechnologyRisk" time="0.203"/>
  <system-out/>
  <testcase classname="technologyRisk.ToVerifyAllTheLabelsInNewRiskPage" name="impactLevelInTechnologyRisk" time="0.086"/>
  <system-out/>
  <testcase classname="technologyRisk.ToVerifyAllTheLabelsInNewRiskPage" name="riskExposureLevelInTechnologyRisk" time="0.453"/>
  <system-out/>
  <testcase classname="technologyRisk.ToVerifyAllTheLabelsInNewRiskPage" name="selectControlClassInTechnologyRisk" time="0.106"/>
  <system-out/>
  <testcase classname="technologyRisk.ToVerifyAllTheLabelsInNewRiskPage" name="controlNameInTechnologyRisk" time="0.112"/>
  <system-out/>
  <testcase classname="technologyRisk.ToVerifyAllTheLabelsInNewRiskPage" name="subControlNameInTechnologyRisk" time="0.075"/>
  <system-out/>
  <testcase classname="technologyRisk.ToVerifyAllTheLabelsInNewRiskPage" name="descriptionInTechnologyRisk" time="0.088"/>
  <system-out/>
  <testcase classname="technologyRisk.ToVerifyAllTheLabelsInNewRiskPage" name="newControlsInTechnologyRisk" time="0.102"/>
  <system-out/>
  <testcase classname="technologyRisk.ToVerifyAllTheLabelsInNewRiskPage" name="responsibleInTechnologyRisk" time="0.104"/>
  <system-out/>
  <testcase classname="technologyRisk.ToVerifyAllTheLabelsInNewRiskPage" name="targetDateInTechnologyRisk" time="0.109"/>
  <system-out/>
  <testcase classname="technologyRisk.ToVerifyAllTheLabelsInNewRiskPage" name="targetQuarterInTechnologyRisk" time="0.118"/>
  <system-out/>
  <testcase classname="technologyRisk.ToVerifyAllTheLabelsInNewRiskPage" name="responsibleDeptInTechnologyRisk" time="0.088"/>
  <system-out/>
  <testcase classname="technologyRisk.ToVerifyAllTheLabelsInNewRiskPage" name="riskResponse" time="0.079"/>
  <system-out/>
  <testcase classname="technologyRisk.ToVerifyAllTheLabelsInNewRiskPage" name="status" time="0.081"/>
  <system-out/>
  <testcase classname="technologyRisk.ToVerifyAllTheLabelsInNewRiskPage" name="closedDate" time="0.091"/>
  <system-out/>
</testsuite> <!-- technologyRisk.ToVerifyAllTheLabelsInNewRiskPage -->
