<?xml version="1.0" encoding="UTF-8"?>
<!-- Generated by org.testng.reporters.JUnitReportReporter -->
<testsuite hostname="DESKTOP-4SLAKQP" failures="0" tests="2" name="technologyRisk.ToCreateANewTechnologyRiskAssessment" time="124.249" errors="0" timestamp="2023-05-03T18:26:37 IST" skipped="0">
  <testcase classname="technologyRisk.ToCreateANewTechnologyRiskAssessment" name="newTchnologyRiskAssessment" time="48.795"/>
  <system-out>
    <![CDATA[The Risk ID captured is RSKT586
The captured description :The organization:
a. Develops, documents, and disseminates to [Assignment: organization-defined personnel or roles]:
1. A risk assessment policy that addresses purpose, scope, roles, responsibilities, management commitment, coordination among organizational entities, and compliance; and
2. Procedures to facilitate the implementation of the risk assessment policy and associated risk assessment controls; and
b. Reviews and updates the current:
1. Risk assessment policy [Assignment: organization-defined frequency]; and
2. Risk assessment procedures [Assignment: organization-defined frequency].
The Target Quarter is :Q4
The Data in Edit Technology Risk Assessment Page is :
RSKT914
Accounts
ToTest
Shashank
Audit
Human
Totest
Testing
Testing
Confidentiality
Low
Access Control
RISK ASSESSMENT POLICY AND PROCEDURES
The organization:
a. Develops, documents, and disseminates to [Assignment: organization-defined personnel or roles]:
1. A risk assessment policy that addresses purpose, scope, roles, responsibilities, management commitment, coordination among organizational entities, and compliance; and
2. Procedures to facilitate the implementation of the risk assessment policy and associated risk assessment controls; and
b. Reviews and updates the current:
1. Risk assessment policy [Assignment: organization-defined frequency]; and
2. Risk assessment procedures [Assignment: organization-defined frequency].
Q4
Emergency
Mitigate
Open
]]>
  </system-out>
  <testcase classname="technologyRisk.ToCreateANewTechnologyRiskAssessment" name="newTchnologyRiskAssessment" time="75.454"/>
  <system-out>
    <![CDATA[The Risk ID captured is RSKT635
The captured description :The organization:
a. Develops, documents, and disseminates to [Assignment: organization-defined personnel or roles]:
1. An identification and authentication policy that addresses purpose, scope, roles, responsibilities, management commitment, coordination among organizational entities, and compliance; and
2. Procedures to facilitate the implementation of the identification and authentication policy and associated identification and authentication controls; and
b. Reviews and updates the current:
1. Identification and authentication policy [Assignment: organization-defined frequency]; and
2. Identificatio
The Target Quarter is :Q4
The Data in Edit Technology Risk Assessment Page is :
RSKT765


Shashank
Audit
Human
Totest
Testing
Testing
Confidentiality
Low
Access Control
IDENTIFICATION AND AUTHENTICATION POLICY AND PROCEDURES
The organization:
a. Develops, documents, and disseminates to [Assignment: organization-defined personnel or roles]:
1. An identification and authentication policy that addresses purpose, scope, roles, responsibilities, management commitment, coordination among organizational entities, and compliance; and
2. Procedures to facilitate the implementation of the identification and authentication policy and associated identification and authentication controls; and
b. Reviews and updates the current:
1. Identification and authentication policy [Assignment: organization-defined frequency]; and
2. Identificatio
Q4
Emergency
Mitigate
Open
]]>
  </system-out>
</testsuite> <!-- technologyRisk.ToCreateANewTechnologyRiskAssessment -->
