<?xml version="1.0" encoding="UTF-8"?>
<!-- Generated by org.testng.reporters.JUnitReportReporter -->
<testsuite skipped="0" hostname="DESKTOP-4SLAKQP" name="physicalRisk.DropdowncontrolNameIfOperationalRadioButtonSelected" tests="1" failures="0" timestamp="2023-05-08T12:53:11 IST" time="19.433" errors="0">
  <testcase name="dropdowncontrolNameIfOperationalRadioButtonSelectedInPhysicalRisk" time="19.433" classname="physicalRisk.DropdowncontrolNameIfOperationalRadioButtonSelected"/>
  <system-out>
    <![CDATA[Successfully clicked on Physical Risk Assessment text on Hipaa Risk Management Page
Successfully clicked on Risk Assessment on left navigation bar in Physical risks page
The Operational Control Name Dropdown options from UI are 
Awareness and Training
Configuration Management
Contingency Planing
Incident Response
Maintenance
Media Protection
Physical and Environmental Protection
Personnel Security
System and Infoemation Integrity
The Operational Control Name Dropdown Options from Excel are
Awareness and Training
Configuration Management
Contingency Planing
Incident Response
Maintenance
Media Protection
Physical and Environmental Protection
Personnel Security
System and Infoemation Integrity
Options are Matching]]>
  </system-out>
</testsuite> <!-- physicalRisk.DropdowncontrolNameIfOperationalRadioButtonSelected -->
