<?xml version="1.0" encoding="UTF-8"?>
<!-- Generated by org.testng.reporters.JUnitReportReporter -->
<testsuite skipped="0" hostname="DESKTOP-4SLAKQP" name="administrativeRisk.ToCreateANewAdministrativeRiskAssessmentNew" tests="2" failures="0" timestamp="2023-05-14T08:48:41 IST" time="181.562" errors="0">
  <testcase name="newTchnologyRiskAssessment" time="84.852" classname="administrativeRisk.ToCreateANewAdministrativeRiskAssessmentNew"/>
  <system-out>
    <![CDATA[The Risk ID captured is RSKA869
The captured description :The information system uniquely identifies and authenticates [Assignment: organization-defined specific and/or types of devices] before establishing a [Selection (one or more): local; remote; network] connection.
The Target Quarter is :Q4
The Data in Edit Administrative Risk Assessment Page is :
RSKA869
Employees
Accounts
ToTest
Shashank
10/02/2023
Audit
Human
Totest
Testing
Testing
Confidentiality
Low
Low
Access Control
IDENTIFICATION AND AUTHENTICATION POLICY AND PROCEDURES
The information system uniquely identifies and authenticates [Assignment: organization-defined specific and/or types of devices] before establishing a [Selection (one or more): local; remote; network] connection.
Testing
Testing
12/02/2023
Q4
Emergency
Mitigate
In-Progress

The data is not matching Expected Identification and Authentication but found Access Control
The data is not matching Expected DEVICE IDENTIFICATION AND AUTHENTICATION but found IDENTIFICATION AND AUTHENTICATION POLICY AND PROCEDURES]]>
  </system-out>
  <testcase name="newTchnologyRiskAssessment" time="96.710" classname="administrativeRisk.ToCreateANewAdministrativeRiskAssessmentNew"/>
  <system-out>
    <![CDATA[The Risk ID captured is RSKA588
The captured description :The information system uniquely identifies and authenticates [Assignment: organization-defined specific and/or types of devices] before establishing a [Selection (one or more): local; remote; network] connection.
The Target Quarter is :Q4
The Data in Edit Administrative Risk Assessment Page is :
RSKA588
Employees
Accounts
ToTest
Shashank
10/02/2023
Audit
Human
Totest
Testing
Testing
Confidentiality
Low
Low
Access Control
IDENTIFICATION AND AUTHENTICATION POLICY AND PROCEDURES
The information system uniquely identifies and authenticates [Assignment: organization-defined specific and/or types of devices] before establishing a [Selection (one or more): local; remote; network] connection.
Testing
Testing
12/02/2023
Q4
Emergency
Mitigate
In-Progress

The data is not matching Expected Identification and Authentication but found Access Control
The data is not matching Expected DEVICE IDENTIFICATION AND AUTHENTICATION but found IDENTIFICATION AND AUTHENTICATION POLICY AND PROCEDURES]]>
  </system-out>
</testsuite> <!-- administrativeRisk.ToCreateANewAdministrativeRiskAssessmentNew -->
