<?xml version="1.0" encoding="UTF-8"?>
<!-- Generated by org.testng.reporters.JUnitReportReporter -->
<testsuite hostname="TYSS-Shashank" failures="0" tests="25" name="HipaaWebsite.ToVerifyAllTheLabelsInNewRiskPage" time="7.391" errors="0" timestamp="2023-04-19T17:15:27 IST" skipped="0">
  <testcase classname="HipaaWebsite.ToVerifyAllTheLabelsInNewRiskPage" name="riskId" time="5.659"/>
  <system-out>
    <![CDATA[Verifyed Risk Id label in New Page]]>
  </system-out>
  <testcase classname="HipaaWebsite.ToVerifyAllTheLabelsInNewRiskPage" name="departmentName" time="0.124"/>
  <system-out>
    <![CDATA[Verifyed Department Name label in New Page]]>
  </system-out>
  <testcase classname="HipaaWebsite.ToVerifyAllTheLabelsInNewRiskPage" name="entityName" time="0.072"/>
  <system-out>
    <![CDATA[Verifyed Entity Name label in New Page]]>
  </system-out>
  <testcase classname="HipaaWebsite.ToVerifyAllTheLabelsInNewRiskPage" name="assessor" time="0.067"/>
  <system-out>
    <![CDATA[Verifyed Assessor label in New Page]]>
  </system-out>
  <testcase classname="HipaaWebsite.ToVerifyAllTheLabelsInNewRiskPage" name="assessed" time="0.064"/>
  <system-out>
    <![CDATA[Verifyed Assessed label in New Page]]>
  </system-out>
  <testcase classname="HipaaWebsite.ToVerifyAllTheLabelsInNewRiskPage" name="riskInput" time="0.074"/>
  <system-out>
    <![CDATA[Verifyed Risk Input label in New Page]]>
  </system-out>
  <testcase classname="HipaaWebsite.ToVerifyAllTheLabelsInNewRiskPage" name="threatSource" time="0.082"/>
  <system-out>
    <![CDATA[Verifyed Threat Source label in New Page]]>
  </system-out>
  <testcase classname="HipaaWebsite.ToVerifyAllTheLabelsInNewRiskPage" name="riskDescription" time="0.097"/>
  <system-out>
    <![CDATA[Verifyed Risk Description label in New Page]]>
  </system-out>
  <testcase classname="HipaaWebsite.ToVerifyAllTheLabelsInNewRiskPage" name="existingControls" time="0.072"/>
  <system-out>
    <![CDATA[Verifyed Existing Controls label in New Page]]>
  </system-out>
  <testcase classname="HipaaWebsite.ToVerifyAllTheLabelsInNewRiskPage" name="riskImpactCategory" time="0.071"/>
  <system-out>
    <![CDATA[Verifyed Risk Impact Category label in New Page]]>
  </system-out>
  <testcase classname="HipaaWebsite.ToVerifyAllTheLabelsInNewRiskPage" name="probabilityOfOccurance" time="0.060"/>
  <system-out>
    <![CDATA[Verifyed Probability of Occurance label in New Page]]>
  </system-out>
  <testcase classname="HipaaWebsite.ToVerifyAllTheLabelsInNewRiskPage" name="impactLevel" time="0.090"/>
  <system-out>
    <![CDATA[Verifyed Impact Level label in New Page]]>
  </system-out>
  <testcase classname="HipaaWebsite.ToVerifyAllTheLabelsInNewRiskPage" name="riskExposureLevel" time="0.044"/>
  <system-out>
    <![CDATA[Verifyed Risk Exposure Level label in New Page]]>
  </system-out>
  <testcase classname="HipaaWebsite.ToVerifyAllTheLabelsInNewRiskPage" name="selectControlClass" time="0.063"/>
  <system-out>
    <![CDATA[Verifyed Select Control Class label in New Page]]>
  </system-out>
  <testcase classname="HipaaWebsite.ToVerifyAllTheLabelsInNewRiskPage" name="controlName" time="0.072"/>
  <system-out>
    <![CDATA[Verifyed Control Name Class label in New Page]]>
  </system-out>
  <testcase classname="HipaaWebsite.ToVerifyAllTheLabelsInNewRiskPage" name="subControlName" time="0.089"/>
  <system-out>
    <![CDATA[Verifyed Sub Control Name label in New Page]]>
  </system-out>
  <testcase classname="HipaaWebsite.ToVerifyAllTheLabelsInNewRiskPage" name="description" time="0.108"/>
  <system-out>
    <![CDATA[Verifyed Description label in New Page]]>
  </system-out>
  <testcase classname="HipaaWebsite.ToVerifyAllTheLabelsInNewRiskPage" name="newControls" time="0.078"/>
  <system-out>
    <![CDATA[Verifyed New Control label in New Page]]>
  </system-out>
  <testcase classname="HipaaWebsite.ToVerifyAllTheLabelsInNewRiskPage" name="responsible" time="0.068"/>
  <system-out>
    <![CDATA[Verifyed Responsible label in New Page]]>
  </system-out>
  <testcase classname="HipaaWebsite.ToVerifyAllTheLabelsInNewRiskPage" name="targetDate" time="0.074"/>
  <system-out>
    <![CDATA[Verifyed Target Date label in New Page]]>
  </system-out>
  <testcase classname="HipaaWebsite.ToVerifyAllTheLabelsInNewRiskPage" name="targetQuarter" time="0.056"/>
  <system-out>
    <![CDATA[Verifyed Target Quarter label in New Page]]>
  </system-out>
  <testcase classname="HipaaWebsite.ToVerifyAllTheLabelsInNewRiskPage" name="responsibleDept" time="0.055"/>
  <system-out>
    <![CDATA[Verifyed Responsible Dept label in New Page]]>
  </system-out>
  <testcase classname="HipaaWebsite.ToVerifyAllTheLabelsInNewRiskPage" name="riskResponse" time="0.044"/>
  <system-out>
    <![CDATA[Verifyed Risk Response label in New Page]]>
  </system-out>
  <testcase classname="HipaaWebsite.ToVerifyAllTheLabelsInNewRiskPage" name="status" time="0.057"/>
  <system-out>
    <![CDATA[Verifyed Status label in New Page]]>
  </system-out>
  <testcase classname="HipaaWebsite.ToVerifyAllTheLabelsInNewRiskPage" name="closedDate" time="0.051"/>
  <system-out>
    <![CDATA[Verifyed  Closed Date label in New Page]]>
  </system-out>
</testsuite> <!-- HipaaWebsite.ToVerifyAllTheLabelsInNewRiskPage -->
