<?xml version="1.0" encoding="UTF-8"?>
<!-- Generated by org.testng.reporters.JUnitReportReporter -->
<testsuite hostname="TYSS-Shashank" failures="0" tests="1" name="Hipaa.TC001" time="20.881" errors="0" timestamp="2023-04-12T21:12:27 IST" skipped="0">
  <testcase classname="Hipaa.TC001" name="verifyHomePageTitle" time="20.881"/>
  <system-out/>
</testsuite> <!-- Hipaa.TC001 -->
