<?xml version="1.0" encoding="UTF-8"?>
<!-- Generated by org.testng.reporters.JUnitReportReporter -->
<testsuite skipped="0" hostname="DESKTOP-4SLAKQP" name="technologyRisk.DropdownSubControlNameIfManagementRadioButtonAndRiskAssessmentOptionSelected" tests="1" failures="0" timestamp="2023-05-06T18:12:10 IST" time="20.243" errors="0">
  <testcase name="dropdownSubControlNameIfManagementRadioButtonAndRiskAssessmentOptionSelected" time="20.243" classname="technologyRisk.DropdownSubControlNameIfManagementRadioButtonAndRiskAssessmentOptionSelected"/>
  <system-out>
    <![CDATA[Successfully clicked on Technology Risk Assessment text on Hipaa Risk Management Page
Successfully clicked on Risk Assessment on left navigation bar in technology risks page
The Management Risk Assessment Sub Control Name Dropdown options from UI are 



RISK ASSESSMENT POLICY AND PROCEDURES
SECURITY CATEGORIZATION
RISK ASSESSMENT
RISK ASSESSMENT UPDATE
VULNERABILITY SCANNING
TECHNICAL SURVEILLANCE COUNTERMEASURES SURVEY
Error : DropDown options from UI are not matching with expected option in the excel]]>
  </system-out>
</testsuite> <!-- technologyRisk.DropdownSubControlNameIfManagementRadioButtonAndRiskAssessmentOptionSelected -->
