<?xml version="1.0" encoding="UTF-8"?>
<!-- Generated by org.testng.reporters.JUnitReportReporter -->
<testsuite hostname="DESKTOP-4SLAKQP" failures="0" tests="1" name="technologyRisk.DropdownSubControlNameIfOperationalRadioButtonAndContingencyPlaningOptionSelected" time="14.694" errors="0" timestamp="2023-05-03T15:17:47 IST" skipped="0">
  <testcase classname="technologyRisk.DropdownSubControlNameIfOperationalRadioButtonAndContingencyPlaningOptionSelected" name="subControlNameDropdown" time="14.694"/>
  <system-out>
    <![CDATA[Successfully clicked on Technology Risk Assessment text on Hipaa Risk Management Page
Successfully clicked on Risk Assessment on left navigation bar in technology risks page
The Operational Configuration Management Sub Control Name Dropdown options from UI are 








CONTINGENCY PLANNING POLICY AND PROCEDURES
CONTINGENCY PLAN
CONTINGENCY TRAINING
CONTINGENCY PLAN TESTING
CONTINGENCY PLAN UPDATE
ALTERNATE STORAGE SITE
ALTERNATE PROCESSING SITE
TELECOMMUNICATIONS SERVICES
INFORMATION SYSTEM BACKUP
INFORMATION SYSTEM RECOVERY AND RECONSTITUTION
ALTERNATE COMMUNICATIONS PROTOCOLS
SAFE MODE
ALTERNATIVE SECURITY MECHANISMS]]>
  </system-out>
</testsuite> <!-- technologyRisk.DropdownSubControlNameIfOperationalRadioButtonAndContingencyPlaningOptionSelected -->
