<?xml version="1.0" encoding="UTF-8"?>
<!-- Generated by org.testng.reporters.JUnitReportReporter -->
<testsuite hostname="DESKTOP-4SLAKQP" failures="0" tests="1" name="physicalRisk.ToTestSearchInSelfRiskAssessmentQuestion" time="23.931" errors="0" timestamp="2023-05-04T17:50:22 IST" skipped="0">
  <testcase classname="physicalRisk.ToTestSearchInSelfRiskAssessmentQuestion" name="search" time="23.931"/>
  <system-out>
    <![CDATA[The Related Searched  data is :
4 Have you implemented procedures to control and validate a person's access to facilities based on his/her role or function, including visitor control, and control of access to software programs for testing and revision?]]>
  </system-out>
</testsuite> <!-- physicalRisk.ToTestSearchInSelfRiskAssessmentQuestion -->
