<?xml version="1.0" encoding="UTF-8"?>
<!-- Generated by org.testng.reporters.JUnitReportReporter -->
<testsuite skipped="0" hostname="DESKTOP-4SLAKQP" name="technologyRisk.DropdownApplicationCriticalityInSoftware" tests="1" failures="0" timestamp="2023-05-06T18:12:10 IST" time="16.333" errors="0">
  <testcase name="applicationCriticalityDropdownInSoftwareAsset" time="16.333" classname="technologyRisk.DropdownApplicationCriticalityInSoftware"/>
  <system-out>
    <![CDATA[The Application Criticality Dropdown options from UI are 
High
Medium
Low
The Application Criticality Dropdown Options from Excel are
High
Medium
Low
Options are Matching]]>
  </system-out>
</testsuite> <!-- technologyRisk.DropdownApplicationCriticalityInSoftware -->
