<?xml version="1.0" encoding="UTF-8"?>
<!-- Generated by org.testng.reporters.JUnitReportReporter -->
<testsuite hostname="DESKTOP-4SLAKQP" failures="0" tests="1" name="technologyRisk.DropdownSubControlNameIfTechnicalRadioButtonAndSystemAndCommunicationsProtectionOptionSelected" time="27.618" errors="0" timestamp="2023-05-03T13:44:31 IST" skipped="0">
  <testcase classname="technologyRisk.DropdownSubControlNameIfTechnicalRadioButtonAndSystemAndCommunicationsProtectionOptionSelected" name="subControlNameDropdown" time="27.618"/>
  <system-out>
    <![CDATA[Successfully clicked on Technology Risk Assessment text on Hipaa Risk Management Page
Successfully clicked on Risk Assessment on left navigation bar in technology risks page
The Technical System and Communications Protection Sub Control Name Dropdown options from UI are 



SECURITY ASSESSMENT AND AUTHORIZATION POLICY AND PROCEDURES
SECURITY ASSESSMENTS
SYSTEM INTERCONNECTIONS
SECURITY CERTIFICATION
PLAN OF ACTION AND MILESTONES
SECURITY AUTHORIZATION
CONTINUOUS MONITORING
PENETRATION TESTING
INTERNAL SYSTEM CONNECTIONS]]>
  </system-out>
</testsuite> <!-- technologyRisk.DropdownSubControlNameIfTechnicalRadioButtonAndSystemAndCommunicationsProtectionOptionSelected -->
