<?xml version="1.0" encoding="UTF-8"?>
<!-- Generated by org.testng.reporters.JUnitReportReporter -->
<testsuite skipped="0" hostname="DESKTOP-4SLAKQP" name="technologyRisk.DropdownSubControlNameIfOperationalRadioButtonAndIncidentResponseOptionSelected" tests="1" failures="0" timestamp="2023-05-06T18:12:10 IST" time="11.977" errors="0">
  <testcase name="dropdownSubControlNameIfOperationalRadioButtonAndIncidentResponseOptionSelected" time="11.977" classname="technologyRisk.DropdownSubControlNameIfOperationalRadioButtonAndIncidentResponseOptionSelected"/>
  <system-out>
    <![CDATA[Successfully clicked on Technology Risk Assessment text on Hipaa Risk Management Page
Successfully clicked on Risk Assessment on left navigation bar in technology risks page
The Operational Incident Response Sub Control Name Dropdown options from UI are 








INCIDENT RESPONSE POLICY AND PROCEDURES
INCIDENT RESPONSE TRAINING
INCIDENT RESPONSE TESTING
INCIDENT HANDLING
INCIDENTMONITORING
INCIDENT REPORTING
INCIDENT RESPONSE ASSISTANCE
INCIDENT RESPONSE PLAN
INFORMATION SPILLAGE RESPONSE
INTEGRATED INFORMATION SECURITY ANALYSIS TEAM
Error : DropDown options from UI are not matching with expected option in the excel]]>
  </system-out>
</testsuite> <!-- technologyRisk.DropdownSubControlNameIfOperationalRadioButtonAndIncidentResponseOptionSelected -->
