<?xml version="1.0" encoding="UTF-8"?>
<!-- Generated by org.testng.reporters.JUnitReportReporter -->
<testsuite skipped="0" hostname="DESKTOP-4SLAKQP" name="technologyRisk.DropdownRiskAssetClassInHardware" tests="1" failures="0" timestamp="2023-05-06T18:12:10 IST" time="31.185" errors="0">
  <testcase name="riskAssetClassDropdownInHardwareAsset" time="31.185" classname="technologyRisk.DropdownRiskAssetClassInHardware"/>
  <system-out>
    <![CDATA[Successfully clicked on Technology Risk Assessment text on Hipaa Risk Management Page
Successfully clicked on Risk Assessment on left navigation bar in technology risks page
The Asset Class Dropdown options from UI are 
Laptop
Mobile/Handheld devices
Network Infrastructure
Server Hadware
The Asset Class Dropdown Options from Excel are
Laptop
Mobile/Handheld devices
Network Infrastructure
Server Hadware
Options are Matching]]>
  </system-out>
</testsuite> <!-- technologyRisk.DropdownRiskAssetClassInHardware -->
