<?xml version="1.0" encoding="UTF-8"?>
<!-- Generated by org.testng.reporters.JUnitReportReporter -->
<testsuite hostname="DESKTOP-4SLAKQP" failures="0" tests="1" name="technologyRisk.DropdownSubControlNameIfOperationalRadioButtonAndMediaProtectionOptionSelected" time="35.396" errors="0" timestamp="2023-05-03T15:31:07 IST" skipped="0">
  <testcase classname="technologyRisk.DropdownSubControlNameIfOperationalRadioButtonAndMediaProtectionOptionSelected" name="subControlNameDropdown" time="35.396"/>
  <system-out>
    <![CDATA[Successfully clicked on Technology Risk Assessment text on Hipaa Risk Management Page
Successfully clicked on Risk Assessment on left navigation bar in technology risks page
The Operational Maintenance Sub Control Name Dropdown options from UI are 








MEDIA PROTECTION POLICY AND PROCEDURES
MEDIA ACCESS
MEDIA MARKING
MEDIA STORAGE
MEDIA TRANSPORT
MEDIA SANITIZATION
MEDIA USE
MEDIA DOWNGRADING]]>
  </system-out>
</testsuite> <!-- technologyRisk.DropdownSubControlNameIfOperationalRadioButtonAndMediaProtectionOptionSelected -->
