<?xml version="1.0" encoding="UTF-8"?>
<!-- Generated by org.testng.reporters.JUnitReportReporter -->
<testsuite hostname="DESKTOP-4SLAKQP" failures="0" tests="1" name="technologyRisk.DropdownSubControlNameIfTechnicalRadioButtonAndAuditAndAccountabilityOptionSelected" time="16.120" errors="0" timestamp="2023-05-03T13:07:29 IST" skipped="0">
  <testcase classname="technologyRisk.DropdownSubControlNameIfTechnicalRadioButtonAndAuditAndAccountabilityOptionSelected" name="subControlNameDropdown" time="16.120"/>
  <system-out>
    <![CDATA[Successfully clicked on Technology Risk Assessment text on Hipaa Risk Management Page
Successfully clicked on Risk Assessment on left navigation bar in technology risks page
The Technical Access Control Sub Control Name Dropdown options from UI are 



AUDIT AND ACCOUNTABILITY POLICY AND PROCEDURES
AUDIT EVENTS
CONTENT OF AUDIT RECORDS
AUDIT STORAGE CAPACITY
RESPONSE TO AUDIT PROCESSING FAILURES
AUDIT REVIEW, ANALYSIS, AND REPORTING
AUDIT REDUCTION AND REPORT GENERATION
TIME STAMPS
PROTECTION OF AUDIT INFORMATION
NON-REPUDIATION
AUDIT RECORD RETENTION
AUDIT GENERATION
MONITORING FOR INFORMATION DISCLOSURE
SESSION AUDIT
ALTERNATE AUDIT CAPABILITY
CROSS-ORGANIZATIONAL AUDITING]]>
  </system-out>
</testsuite> <!-- technologyRisk.DropdownSubControlNameIfTechnicalRadioButtonAndAuditAndAccountabilityOptionSelected -->
