<?xml version="1.0" encoding="UTF-8"?>
<!-- Generated by org.testng.reporters.JUnitReportReporter -->
<testsuite hostname="DESKTOP-4SLAKQP" failures="0" tests="1" name="Hipaa.ToVerifyComponentsInKriDashboardPage" time="20.564" errors="0" timestamp="2023-04-30T19:50:34 IST" skipped="0">
  <testcase classname="Hipaa.ToVerifyComponentsInKriDashboardPage" name="tableHeader" time="20.564"/>
  <system-out>
    <![CDATA[Successfully verified page title in dashboard page
Header is matching]]>
  </system-out>
</testsuite> <!-- Hipaa.ToVerifyComponentsInKriDashboardPage -->
