<?xml version="1.0" encoding="UTF-8"?>
<!-- Generated by org.testng.reporters.JUnitReportReporter -->
<testsuite skipped="0" hostname="DESKTOP-4SLAKQP" name="physicalRisk.DropdownSubControlNameIfOperationalRadioButtonAndMaintenanceOptionSelected" tests="1" failures="0" timestamp="2023-05-08T12:53:11 IST" time="18.375" errors="0">
  <testcase name="dropdownSubControlNameIfOperationalRadioButtonAndMaintenanceOptionSelected" time="18.375" classname="physicalRisk.DropdownSubControlNameIfOperationalRadioButtonAndMaintenanceOptionSelected"/>
  <system-out>
    <![CDATA[Successfully clicked on Physical Risk Assessment text on Hipaa Risk Management Page
Successfully clicked on Risk Assessment on left navigation bar in Physical risks page
The Operational Maintenance Sub Control Name Dropdown options from UI are 








SYSTEM MAINTENANCE POLICY AND PROCEDURES
CONTROLLED MAINTENANCE
MAINTENANCE TOOLS
NONLOCAL MAINTENANCE
MAINTENANCE PERSONNEL
TIMELY MAINTENANCE
Error : DropDown options from UI are not matching with expected option in the excel]]>
  </system-out>
</testsuite> <!-- physicalRisk.DropdownSubControlNameIfOperationalRadioButtonAndMaintenanceOptionSelected -->
