<?xml version="1.0" encoding="UTF-8"?>
<!-- Generated by org.testng.reporters.JUnitReportReporter -->
<testsuite skipped="0" hostname="DESKTOP-4SLAKQP" name="technologyRisk.DropdownDataClassificationInSoftware" tests="1" failures="0" timestamp="2023-05-06T18:12:10 IST" time="23.639" errors="0">
  <testcase name="dataClassificationDropdownInSoftwareAsset" time="23.639" classname="technologyRisk.DropdownDataClassificationInSoftware"/>
  <system-out>
    <![CDATA[Successfully clicked on Technology Risk Assessment text on Hipaa Risk Management Page
Successfully clicked on Risk Assessment on left navigation bar in technology risks page
The Data Classification Dropdown options from UI are 
Confidential [Contains - ePHI]
Sensitive [Non-PHI, but business ctitial]
The Data Classification Dropdown Options from Excel are
Confidential [Contains - ePHI]
Sensitive [Non-PHI, but business ctitial]
Options are Matching]]>
  </system-out>
</testsuite> <!-- technologyRisk.DropdownDataClassificationInSoftware -->
