<?xml version="1.0" encoding="UTF-8"?>
<!-- Generated by org.testng.reporters.JUnitReportReporter -->
<testsuite skipped="0" hostname="DESKTOP-4SLAKQP" name="physicalRisk.DropdownSubControlNameIfTechnicalRadioButtonAndSystemAndCommunicationsProtectionOptionSelected" tests="1" failures="0" timestamp="2023-05-08T12:53:11 IST" time="31.672" errors="0">
  <testcase name="dropdownSubControlNameIfTechnicalRadioButtonAndSystemAndCommunicationsProtectionOptionSelected" time="31.672" classname="physicalRisk.DropdownSubControlNameIfTechnicalRadioButtonAndSystemAndCommunicationsProtectionOptionSelected"/>
  <system-out>
    <![CDATA[Successfully clicked on Physical Risk Assessment text on Hipaa Risk Management Page
Successfully clicked on Risk Assessment on left navigation bar in Physical risks page
The Technical System and Communications Protection Sub Control Name Dropdown options from UI are 



SECURITY ASSESSMENT AND AUTHORIZATION POLICY AND PROCEDURES
SECURITY ASSESSMENTS
SYSTEM INTERCONNECTIONS
SECURITY CERTIFICATION
PLAN OF ACTION AND MILESTONES
SECURITY AUTHORIZATION
CONTINUOUS MONITORING
PENETRATION TESTING
INTERNAL SYSTEM CONNECTIONS
Error : DropDown options from UI are not matching with expected option in the excel]]>
  </system-out>
</testsuite> <!-- physicalRisk.DropdownSubControlNameIfTechnicalRadioButtonAndSystemAndCommunicationsProtectionOptionSelected -->
