<?xml version="1.0" encoding="UTF-8"?>
<!-- Generated by org.testng.reporters.JUnitReportReporter -->
<testsuite hostname="DESKTOP-4SLAKQP" failures="0" tests="1" name="technologyRisk.DropdownSubControlNameIfOperationalRadioButtonAndConfigurationManagementOptionSelected" time="25.552" errors="0" timestamp="2023-05-03T15:13:15 IST" skipped="0">
  <testcase classname="technologyRisk.DropdownSubControlNameIfOperationalRadioButtonAndConfigurationManagementOptionSelected" name="subControlNameDropdown" time="25.552"/>
  <system-out>
    <![CDATA[Successfully clicked on Technology Risk Assessment text on Hipaa Risk Management Page
Successfully clicked on Risk Assessment on left navigation bar in technology risks page
The Operational Awareness and Training Sub Control Name Dropdown options from UI are 








CONFIGURATION MANAGEMENT POLICY AND PROCEDURES
BASELINE CONFIGURATION
CONFIGURATION CHANGE CONTROL
SECURITY IMPACT ANALYSIS
ACCESS RESTRICTIONS FOR CHANGE
CONFIGURATION SETTINGS
LEAST FUNCTIONALITY
INFORMATION SYSTEM COMPONENT INVENTORY
CONFIGURATION MANAGEMENT PLAN
SOFTWARE USAGE RESTRICTIONS
USER-INSTALLED SOFTWARE]]>
  </system-out>
</testsuite> <!-- technologyRisk.DropdownSubControlNameIfOperationalRadioButtonAndConfigurationManagementOptionSelected -->
