<?xml version="1.0" encoding="UTF-8"?>
<!-- Generated by org.testng.reporters.JUnitReportReporter -->
<testsuite skipped="0" hostname="DESKTOP-4SLAKQP" name="technologyRisk.DropdownSubControlNameIfTechnicalRadioButtonAndSystemAndCommunicationsProtectionOptionSelected" tests="1" failures="0" timestamp="2023-05-06T18:12:11 IST" time="34.707" errors="0">
  <testcase name="dropdownSubControlNameIfTechnicalRadioButtonAndSystemAndCommunicationsProtectionOptionSelected" time="34.707" classname="technologyRisk.DropdownSubControlNameIfTechnicalRadioButtonAndSystemAndCommunicationsProtectionOptionSelected"/>
  <system-out>
    <![CDATA[Successfully clicked on Technology Risk Assessment text on Hipaa Risk Management Page
Successfully clicked on Risk Assessment on left navigation bar in technology risks page
The Technical System and Communications Protection Sub Control Name Dropdown options from UI are 



Error : DropDown options from UI are not matching with expected option in the excel]]>
  </system-out>
</testsuite> <!-- technologyRisk.DropdownSubControlNameIfTechnicalRadioButtonAndSystemAndCommunicationsProtectionOptionSelected -->
