<?xml version="1.0" encoding="UTF-8"?>
<!-- Generated by org.testng.reporters.JUnitReportReporter -->
<testsuite hostname="TYSS-Shashank" failures="0" tests="4" name="HipaaWebsite.ToVerifyHRMPageComponents" time="55.455" errors="0" timestamp="2023-04-19T17:15:27 IST" skipped="0">
  <testcase classname="HipaaWebsite.ToVerifyHRMPageComponents" name="technologyRiskAssessment" time="24.987"/>
  <system-out>
    <![CDATA[Successfully navigated to HRM Page on clicking on HIPAA on home page
Successfully navigated to Technology Risk Assessment Page upon clicking on Technology Risk Assessment Text in HRM Page
Successfully navigated to Technology Risk Assessment Page upon clicking on Technology Risk Assessment Image in HRM Page]]>
  </system-out>
  <testcase classname="HipaaWebsite.ToVerifyHRMPageComponents" name="administrativeRiskAssessment" time="16.243"/>
  <system-out>
    <![CDATA[Successfully navigated to Administrative Risk Assessment Page upon clicking on Administrative Risk Assessment Text in HRM Page
Successfully navigated to Administrative Risk Assessment Page upon clicking on Administrative Risk Assessment Image in HRM Page]]>
  </system-out>
  <testcase classname="HipaaWebsite.ToVerifyHRMPageComponents" name="physicalRiskAssessment" time="8.306"/>
  <system-out>
    <![CDATA[Successfully navigated to Physical Risk Assessment Page upon clicking on Physical Risk Assessment Text in HRM Page
Successfully navigated to Physical Risk Assessment Page upon clicking on Physical Risk Assessment Image in HRM Page]]>
  </system-out>
  <testcase classname="HipaaWebsite.ToVerifyHRMPageComponents" name="riskReviewBoard" time="5.919"/>
  <system-out>
    <![CDATA[Successfully navigated to Risk Review Board Page upon clicking on Risk Review Board Text in HRM Page
Successfully navigated to Risk Review Board Page upon clicking on Risk Review Board Image in HRM Page]]>
  </system-out>
</testsuite> <!-- HipaaWebsite.ToVerifyHRMPageComponents -->
