<?xml version="1.0" encoding="UTF-8"?>
<!-- Generated by org.testng.reporters.JUnitReportReporter -->
<testsuite hostname="TYSS-Shashank" failures="0" tests="1" name="HipaaWebsite.DropdownRisInput" time="10.599" errors="0" timestamp="2023-04-19T17:15:27 IST" skipped="0">
  <testcase classname="HipaaWebsite.DropdownRisInput" name="risInputDropdown" time="10.599"/>
  <system-out>
    <![CDATA[Successfully clicked on Technology Risk Assessment text on Hipaa Risk Management Page
Successfully clicked on Risk Assessment on left navigation bar in technology risks page
The Risk Input Dropdown options from UI are 
Feedback
Audit
Management Review
Periodic Review
Customer
The Risk Input Dropdown Options from Excel are
Feedback
Audit
Management Review
Periodic Review
Customer
Options are Matching]]>
  </system-out>
</testsuite> <!-- HipaaWebsite.DropdownRisInput -->
