<?xml version="1.0" encoding="UTF-8"?>
<!-- Generated by org.testng.reporters.JUnitReportReporter -->
<testsuite hostname="DESKTOP-4SLAKQP" failures="0" tests="1" name="technologyRisk.DropdowncontrolNameIfOperationalRadioButtonSelected" time="22.886" errors="0" timestamp="2023-05-03T12:46:07 IST" skipped="0">
  <testcase classname="technologyRisk.DropdowncontrolNameIfOperationalRadioButtonSelected" name="controlNameDropdown" time="22.886"/>
  <system-out>
    <![CDATA[Successfully clicked on Technology Risk Assessment text on Hipaa Risk Management Page
Successfully clicked on Risk Assessment on left navigation bar in technology risks page
The Operational Control Name Dropdown options from UI are 
Awareness and Training
Configuration Management
Contingency Planing
Incident Response
Maintenance
Media Protection
Physical and Environmental Protection
Personnel Security
System and Infoemation Integrity]]>
  </system-out>
</testsuite> <!-- technologyRisk.DropdowncontrolNameIfOperationalRadioButtonSelected -->
