<?xml version="1.0" encoding="UTF-8"?>
<!-- Generated by org.testng.reporters.JUnitReportReporter -->
<testsuite hostname="DESKTOP-4SLAKQP" failures="0" tests="1" name="technologyRisk.DropdownBusinessFunctionInSoftware" time="23.170" errors="0" timestamp="2023-05-03T21:15:44 IST" skipped="0">
  <testcase classname="technologyRisk.DropdownBusinessFunctionInSoftware" name="businessFunctionDropdown" time="23.170"/>
  <system-out>
    <![CDATA[Successfully clicked on Technology Risk Assessment text on Hipaa Risk Management Page
Successfully clicked on Risk Assessment on left navigation bar in technology risks page
The Business Function Dropdown options from UI are 
Patient Treatment
Patient billing
Healthcare Operations
Communications
The Business Function Dropdown Options from Excel are
Patient Treatment
Patient billing
Healthcare Operations
Communications
Options are Matching]]>
  </system-out>
</testsuite> <!-- technologyRisk.DropdownBusinessFunctionInSoftware -->
