<?xml version="1.0" encoding="UTF-8"?>
<!-- Generated by org.testng.reporters.JUnitReportReporter -->
<testsuite skipped="0" hostname="DESKTOP-4SLAKQP" name="administrativeRisk.ToVerifyDataInRespectiveStatusPage" tests="2" failures="0" timestamp="2023-05-06T22:52:28 IST" time="172.220" errors="0">
  <testcase name="newAdministrativeRiskAssessment" time="108.540" classname="administrativeRisk.ToVerifyDataInRespectiveStatusPage"/>
  <system-out>
    <![CDATA[The Risk ID captured is RSKA505
The captured description :The information system uniquely identifies and authenticates [Assignment: organization-defined specific and/or types of devices] before establishing a [Selection (one or more): local; remote; network] connection.
The Target Quarter is :

RSKA505
Employees
ToTest
10/2/2023
Totest
Verified data in In progress risk is :

RSKA505
Administrative
Totest
Testing
Confidentiality
Low
Testing
12/2/2023]]>
  </system-out>
  <testcase name="newAdministrativeRiskAssessment" time="63.680" classname="administrativeRisk.ToVerifyDataInRespectiveStatusPage"/>
  <system-out>
    <![CDATA[The Risk ID captured is RSKA469
The captured description :The information system uniquely identifies and authenticates [Assignment: organization-defined specific and/or types of devices] before establishing a [Selection (one or more): local; remote; network] connection.
The Target Quarter is :

RSKA469
Employees
ToTest
10/2/2023
Totest
Verified data in In progress risk is :

RSKA469
Administrative
Totest
Testing
Confidentiality
Low
Testing
12/2/2023]]>
  </system-out>
</testsuite> <!-- administrativeRisk.ToVerifyDataInRespectiveStatusPage -->
