<?xml version="1.0" encoding="UTF-8"?>
<!-- Generated by org.testng.reporters.JUnitReportReporter -->
<testsuite hostname="DESKTOP-4SLAKQP" failures="0" tests="1" name="physicalRisk.Demo" time="6.457" errors="0" timestamp="2023-05-02T15:27:49 IST" skipped="0">
  <testcase classname="physicalRisk.Demo" name="graph" time="6.457"/>
  <system-out/>
</testsuite> <!-- physicalRisk.Demo -->
