<?xml version="1.0" encoding="UTF-8"?>
<!-- Generated by org.testng.reporters.JUnitReportReporter -->
<testsuite skipped="0" hostname="DESKTOP-4SLAKQP" name="physicalRisk.DropdownSubControlNameIfOperationalRadioButtonAndAwarenessAndTrainingOptionSelected" tests="1" failures="0" timestamp="2023-05-08T12:53:11 IST" time="12.308" errors="0">
  <testcase name="dropdownSubControlNameIfOperationalRadioButtonAndAwarenessAndTrainingOptionSelected" time="12.308" classname="physicalRisk.DropdownSubControlNameIfOperationalRadioButtonAndAwarenessAndTrainingOptionSelected"/>
  <system-out>
    <![CDATA[Successfully clicked on Physical Risk Assessment text on Hipaa Risk Management Page
Successfully clicked on Risk Assessment on left navigation bar in Physical risks page
The Operational Awareness and Training Sub Control Name Dropdown options from UI are 








SECURITY AWARENESS AND TRAINING POLICY AND PROCEDURES
SECURITY AWARENESS TRAINING
ROLE-BASED SECURITY TRAINING
SECURITY TRAINING RECORDS
CONTACTS WITH SECURITY GROUPS AND ASSOCIATIONS
Error : DropDown options from UI are not matching with expected option in the excel]]>
  </system-out>
</testsuite> <!-- physicalRisk.DropdownSubControlNameIfOperationalRadioButtonAndAwarenessAndTrainingOptionSelected -->
