<?xml version="1.0" encoding="UTF-8"?>
<!-- Generated by org.testng.reporters.JUnitReportReporter -->
<testsuite hostname="DESKTOP-4SLAKQP" failures="0" tests="1" name="technologyRisk.DropdownApplicationCriticalityInSoftware" time="15.212" errors="0" timestamp="2023-05-03T20:49:08 IST" skipped="0">
  <testcase classname="technologyRisk.DropdownApplicationCriticalityInSoftware" name="applicationCriticalityDropdown" time="15.212"/>
  <system-out>
    <![CDATA[Successfully clicked on Technology Risk Assessment text on Hipaa Risk Management Page
Successfully clicked on Risk Assessment on left navigation bar in technology risks page
The Operating System Dropdown options from UI are 
High
Medium
Low]]>
  </system-out>
</testsuite> <!-- technologyRisk.DropdownApplicationCriticalityInSoftware -->
