<?xml version="1.0" encoding="UTF-8"?>
<!-- Generated by org.testng.reporters.JUnitReportReporter -->
<testsuite hostname="TYSS-Shashank" failures="0" tests="2" name="Hipaa.ToCreateANewTechnologyRiskAssessment" time="96.650" errors="0" timestamp="2023-04-24T23:02:22 IST" skipped="0">
  <testcase classname="Hipaa.ToCreateANewTechnologyRiskAssessment" name="newTchnologyRiskAssessment" time="67.091"/>
  <system-out>
    <![CDATA[The Risk ID captured is RSKT687
The captured description :The organization:
a. Develops, documents, and disseminates to [Assignment: organization-defined personnel or roles]:
1. An identification and authentication policy that addresses purpose, scope, roles, responsibilities, management commitment, coordination among organizational entities, and compliance; and
2. Procedures to facilitate the implementation of the identification and authentication policy and associated identification and authentication controls; and
b. Reviews and updates the current:
1. Identification and authentication policy [Assignment: organization-defined frequency]; and
2. Identificatio
The Target Quarter is :
The Data in Edit Technology Risk Assessment Page is :
RSKT687
Accounts
ToTest
Shashank
Audit
Human
Totest
Testing
Testing
Confidentiality
Low
Access Control
IDENTIFICATION AND AUTHENTICATION POLICY AND PROCEDURES
The organization:
a. Develops, documents, and disseminates to [Assignment: organization-defined personnel or roles]:
1. An identification and authentication policy that addresses purpose, scope, roles, responsibilities, management commitment, coordination among organizational entities, and compliance; and
2. Procedures to facilitate the implementation of the identification and authentication policy and associated identification and authentication controls; and
b. Reviews and updates the current:
1. Identification and authentication policy [Assignment: organization-defined frequency]; and
2. Identificatio
Q4
Emergency
Mitigate
Open
]]>
  </system-out>
  <testcase classname="Hipaa.ToCreateANewTechnologyRiskAssessment" name="newTchnologyRiskAssessment" time="29.559"/>
  <system-out>
    <![CDATA[The Risk ID captured is RSKT306
The captured description :The organization:
a. Develops, documents, and disseminates to [Assignment: organization-defined personnel or roles]:
1. A risk assessment policy that addresses purpose, scope, roles, responsibilities, management commitment, coordination among organizational entities, and compliance; and
2. Procedures to facilitate the implementation of the risk assessment policy and associated risk assessment controls; and
b. Reviews and updates the current:
1. Risk assessment policy [Assignment: organization-defined frequency]; and
2. Risk assessment procedures [Assignment: organization-defined frequency].
The Target Quarter is :
The Data in Edit Technology Risk Assessment Page is :
RSKT694

ToTest
Shashank
Audit
Human
Totest
Testing
Testing
Confidentiality
Low
Access Control
---Select Sub Control ---
The organization:
a. Develops, documents, and disseminates to [Assignment: organization-defined personnel or roles]:
1. A risk assessment policy that addresses purpose, scope, roles, responsibilities, management commitment, coordination among organizational entities, and compliance; and
2. Procedures to facilitate the implementation of the risk assessment policy and associated risk assessment controls; and
b. Reviews and updates the current:
1. Risk assessment policy [Assignment: organization-defined frequency]; and
2. Risk assessment procedures [Assignment: organization-defined frequency].
Q4
Emergency
Mitigate
Open
]]>
  </system-out>
</testsuite> <!-- Hipaa.ToCreateANewTechnologyRiskAssessment -->
