<?xml version="1.0" encoding="UTF-8"?>
<!-- Generated by org.testng.reporters.JUnitReportReporter -->
<testsuite skipped="0" hostname="DESKTOP-4SLAKQP" name="physicalRisk.ToVerifyLeftNavigationBarFunctionality" tests="1" failures="0" timestamp="2023-05-08T12:53:10 IST" time="40.024" errors="0">
  <testcase name="PhysicalRiskNavBar" time="40.024" classname="physicalRisk.ToVerifyLeftNavigationBarFunctionality"/>
  <system-out>
    <![CDATA[Verifyed KRI Dashboard section in left navigation bar for Physical Risk Assessment
Successfully clicked on Risk Assessment in left navigation bar
Successfully verifyed on clicking New risk in left navigation bar navigated to New Physical Risk Assessment Page
Successfully verifyed on clicking Edit risk in left navigation bar navigated to Edit Physical Risk Assessment Page
Successfully verifyed on clicking All risk in left navigation bar navigated to All Physical Risk Assessment Page
Successfully verifyed on clicking Open risk in left navigation bar navigated to All Physical Risk Assessment Page
Successfully verifyed on clicking In Progress risk in left navigation bar navigated to All Physical Risk Assessment Page
Successfully verifyed on clicking Closed risk in left navigation bar navigated to All Physical Risk Assessment Page
Error on clicking on Risk Excel reports in left navigation bar Server error is displayed
Error on clicking on Risk Excel reports in left navigation bar Server error is displayed
Error on clicking on Risk Excel reports in left navigation bar Server error is displayed
Error on clicking on Risk Excel reports in left navigation bar Server error is displayed
Sucessfully navigated to self risk Assessment Question page on clicking on Update Self Risk Assessment Question on left navigation bar
Successfully clicked on collapse icon]]>
  </system-out>
</testsuite> <!-- physicalRisk.ToVerifyLeftNavigationBarFunctionality -->
