<?xml version="1.0" encoding="UTF-8"?>
<!-- Generated by org.testng.reporters.JUnitReportReporter -->
<testsuite hostname="TYSS-Shashank" failures="0" tests="1" name="HipaaWebsite.ToVerifyLeftNavigationBarFunctionality" time="38.861" errors="0" timestamp="2023-04-19T17:15:27 IST" skipped="0">
  <testcase classname="HipaaWebsite.ToVerifyLeftNavigationBarFunctionality" name="technologyRiskNavBar" time="38.861"/>
  <system-out>
    <![CDATA[Verifyed KRI Dashboard section in left navigation bar for Technology Risk Assessment
Successfully clicked on Risk Assessment in left navigation bar
Successfully verifyed on clicking New risk in left navigation bar navigated to New Technology Risk Assessment Page
Successfully verifyed on clicking Edit risk in left navigation bar navigated to Edit Technology Risk Assessment Page
Successfully verifyed on clicking All risk in left navigation bar navigated to All Technology Risk Assessment Page
Successfully verifyed on clicking Open risk in left navigation bar navigated to All Technology Risk Assessment Page
Successfully verifyed on clicking In Progress risk in left navigation bar navigated to All Technology Risk Assessment Page
Successfully verifyed on clicking Closed risk in left navigation bar navigated to All Technology Risk Assessment Page
Successfully verifyed on clicking Software Asset in left navigation bar navigated to Software Asset Page
Successfully verifyed on clicking Hardware Asset in left navigation bar navigated to Software Asset Page
Error on clicking on Risk Excel reports in left navigation bar Server error is displayed
Error on clicking on Risk Excel reports in left navigation bar Server error is displayed
Error on clicking on Risk Excel reports in left navigation bar Server error is displayed
Error on clicking on Risk Excel reports in left navigation bar Server error is displayed
Error on clicking on Risk Excel reports in left navigation bar Server error is displayed
Error on clicking on Risk Excel reports in left navigation bar Server error is displayed
Error on clicking on Risk Excel reports in left navigation bar Server error is displayed]]>
  </system-out>
</testsuite> <!-- HipaaWebsite.ToVerifyLeftNavigationBarFunctionality -->
