<?xml version="1.0" encoding="UTF-8"?>
<!-- Generated by org.testng.reporters.JUnitReportReporter -->
<testsuite skipped="0" hostname="DESKTOP-4SLAKQP" name="physicalRisk.DropdownRiskImpactCategory" tests="1" failures="0" timestamp="2023-05-08T12:53:10 IST" time="19.991" errors="0">
  <testcase name="riskImpactDropdownInPhysicalRisk" time="19.991" classname="physicalRisk.DropdownRiskImpactCategory"/>
  <system-out>
    <![CDATA[Successfully clicked on Physical Risk Assessment text on Hipaa Risk Management Page
Successfully clicked on Risk Assessment on left navigation bar in Physical risks page
The Risk Impact Category Dropdown options from UI are 
Integrity
Confidentiality
Availability
The Risk Impact Category Dropdown Options from Excel are
Integrity
Confidentiality
Availability
Options are Matching]]>
  </system-out>
</testsuite> <!-- physicalRisk.DropdownRiskImpactCategory -->
