<?xml version="1.0" encoding="UTF-8"?>
<!-- Generated by org.testng.reporters.JUnitReportReporter -->
<testsuite skipped="0" hostname="DESKTOP-4SLAKQP" name="physicalRisk.DropdownStatus" tests="1" failures="0" timestamp="2023-05-08T12:53:10 IST" time="19.600" errors="0">
  <testcase name="statusDropdownInPhysicalRisk" time="19.600" classname="physicalRisk.DropdownStatus"/>
  <system-out>
    <![CDATA[Successfully clicked on Physical Risk Assessment text on Hipaa Risk Management Page
Successfully clicked on Risk Assessment on left navigation bar in Physical risks page
The Status Dropdown options from UI are 
Open
In-Progress
Close
The Status Dropdown Options from Excel are
Open
In-Progress
Close
Options are Matching]]>
  </system-out>
</testsuite> <!-- physicalRisk.DropdownStatus -->
