<?xml version="1.0" encoding="UTF-8"?>
<!-- Generated by org.testng.reporters.JUnitReportReporter -->
<testsuite skipped="0" hostname="DESKTOP-4SLAKQP" name="physicalRisk.ToVerifyComponentsInKriDashboardPage" tests="1" failures="0" timestamp="2023-05-14T09:13:52 IST" time="17.756" errors="0">
  <testcase name="toVerifyComponentsInKriDashboardPage" time="17.756" classname="physicalRisk.ToVerifyComponentsInKriDashboardPage"/>
  <system-out>
    <![CDATA[Successfully verified page title in dashboard page
Header is matching
1st Graph DataMedium Risk
High Risk
2016
2017
2018
2019
2023
1
2
3
4
5
2nd Graph Data Close
Open
33.3%
66.7%
3rd Graph Data High
100%
4th Graph Data Availability
100%
5th Graph Data High
100%
6th Graph Data Number of Risks
Q3
1
2
3
4
5]]>
  </system-out>
</testsuite> <!-- physicalRisk.ToVerifyComponentsInKriDashboardPage -->
