<?xml version="1.0" encoding="UTF-8"?>
<!-- Generated by org.testng.reporters.JUnitReportReporter -->
<testsuite hostname="DESKTOP-4SLAKQP" failures="0" tests="1" name="Hipaa.ToTestSelfRiskAssessmentQuestion" time="32.506" errors="0" timestamp="2023-04-30T12:16:08 IST" skipped="0">
  <testcase classname="Hipaa.ToTestSelfRiskAssessmentQuestion" name="search" time="32.506"/>
  <system-out>
    <![CDATA[The Related Searched  data is :
13 TO Test
14 ToTest
16 Testing
17 Testing
18 Testing
19 Testing
20 Testing
21 Testing
22 ToTest
23 Testing
24 Testing
25 Testing
26 Testing
27 Testing
28 Testing]]>
  </system-out>
</testsuite> <!-- Hipaa.ToTestSelfRiskAssessmentQuestion -->
