<?xml version="1.0" encoding="UTF-8"?>
<!-- Generated by org.testng.reporters.JUnitReportReporter -->
<testsuite hostname="DESKTOP-4SLAKQP" failures="0" tests="1" name="technologyRisk.DropdownSubControlNameIfOperationalRadioButtonAndIncidentResponseOptionSelected" time="26.491" errors="0" timestamp="2023-05-03T15:21:34 IST" skipped="0">
  <testcase classname="technologyRisk.DropdownSubControlNameIfOperationalRadioButtonAndIncidentResponseOptionSelected" name="subControlNameDropdown" time="26.491"/>
  <system-out>
    <![CDATA[Successfully clicked on Technology Risk Assessment text on Hipaa Risk Management Page
Successfully clicked on Risk Assessment on left navigation bar in technology risks page
The Operational Contingency Planing Sub Control Name Dropdown options from UI are 








INCIDENT RESPONSE POLICY AND PROCEDURES
INCIDENT RESPONSE TRAINING
INCIDENT RESPONSE TESTING
INCIDENT HANDLING
INCIDENTMONITORING
INCIDENT REPORTING
INCIDENT RESPONSE ASSISTANCE
INCIDENT RESPONSE PLAN
INFORMATION SPILLAGE RESPONSE
INTEGRATED INFORMATION SECURITY ANALYSIS TEAM]]>
  </system-out>
</testsuite> <!-- technologyRisk.DropdownSubControlNameIfOperationalRadioButtonAndIncidentResponseOptionSelected -->
