<?xml version="1.0" encoding="UTF-8"?>
<!-- Generated by org.testng.reporters.JUnitReportReporter -->
<testsuite skipped="0" hostname="DESKTOP-4SLAKQP" name="technologyRisk.TableCollpaseFunctionality" tests="1" failures="0" timestamp="2023-05-08T18:42:02 IST" time="12.309" errors="0">
  <testcase name="verifyTableCollapseOnTechnologyRiskAssessmentPage" time="12.309" classname="technologyRisk.TableCollpaseFunctionality"/>
  <system-out>
    <![CDATA[Successfully clicked on Technology Risk Assessment text on Hipaa Risk Management Page
Successfully clicked on Risk Assessment on left navigation bar in technology risks page
Successfully clicked on New Risk under Risk Assessment section in technology risk page
Successfully verifyed the functionality of table collapsible feature]]>
  </system-out>
</testsuite> <!-- technologyRisk.TableCollpaseFunctionality -->
