<?xml version="1.0" encoding="UTF-8"?>
<!-- Generated by org.testng.reporters.JUnitReportReporter -->
<testsuite hostname="DESKTOP-4SLAKQP" failures="0" tests="1" name="Hipaa.DropdownProbabilityofOccurance" time="31.583" errors="0" timestamp="2023-04-29T19:45:40 IST" skipped="0">
  <testcase classname="Hipaa.DropdownProbabilityofOccurance" name="probabilityOfOcuuranceDropdown" time="31.583"/>
  <system-out>
    <![CDATA[Successfully clicked on Technology Risk Assessment text on Hipaa Risk Management Page
Successfully clicked on Risk Assessment on left navigation bar in technology risks page
The Probability of Occurance Dropdown options from UI are 
High
Medium
Low
The Probability of Occurance Dropdown Options from Excel are
High
Medium
Low
Options are Matching]]>
  </system-out>
</testsuite> <!-- Hipaa.DropdownProbabilityofOccurance -->
