<?xml version="1.0" encoding="UTF-8"?>
<!-- Generated by org.testng.reporters.JUnitReportReporter -->
<testsuite skipped="0" hostname="DESKTOP-4SLAKQP" name="technologyRisk.DropdownImpactLevel" tests="1" failures="0" timestamp="2023-05-08T18:42:02 IST" time="16.821" errors="0">
  <testcase name="impactLevelDropdownInTechnologyRisk" time="16.821" classname="technologyRisk.DropdownImpactLevel"/>
  <system-out>
    <![CDATA[Successfully clicked on Technology Risk Assessment text on Hipaa Risk Management Page
Successfully clicked on Risk Assessment on left navigation bar in technology risks page
The Impact Level Dropdown options from UI are 
High
Medium
Low
The Impact Level Dropdown Options from Excel are
High
Medium
Low
Options are Matching]]>
  </system-out>
</testsuite> <!-- technologyRisk.DropdownImpactLevel -->
