<?xml version="1.0" encoding="UTF-8"?>
<!-- Generated by org.testng.reporters.JUnitReportReporter -->
<testsuite hostname="DESKTOP-4SLAKQP" failures="0" tests="1" name="physicalRisk.DropdownImpactLevel" time="28.988" errors="0" timestamp="2023-05-02T13:36:55 IST" skipped="0">
  <testcase classname="physicalRisk.DropdownImpactLevel" name="impactLevelDropdown" time="28.988"/>
  <system-out>
    <![CDATA[Successfully clicked on Physical Risk Assessment text on Hipaa Risk Management Page
Successfully clicked on Risk Assessment on left navigation bar in physical risks page
The Impact Level Dropdown options from UI are 
High
Medium
Low
The Impact Level Dropdown Options from Excel are
High
Medium
Low
Options are Matching]]>
  </system-out>
</testsuite> <!-- physicalRisk.DropdownImpactLevel -->
