<?xml version="1.0" encoding="UTF-8"?>
<!-- Generated by org.testng.reporters.JUnitReportReporter -->
<testsuite hostname="DESKTOP-4SLAKQP" failures="0" tests="1" name="physicalRisk.DropdownResponsibleDept" time="25.730" errors="0" timestamp="2023-05-02T13:40:02 IST" skipped="0">
  <testcase classname="physicalRisk.DropdownResponsibleDept" name="responsibleDeptDropdown" time="25.730"/>
  <system-out>
    <![CDATA[Successfully clicked on Physical Risk Assessment text on Hipaa Risk Management Page
Successfully clicked on Risk Assessment on left navigation bar in physical risks page
The Responsible Dept Dropdown options from UI are 
Admissions
Clinic
Diagnostics
Emergency
Ethics and Compliance
Inpatient
IT
Nursing
Quality
Error : DropDown options from UI are not matching with expected option in the excel]]>
  </system-out>
</testsuite> <!-- physicalRisk.DropdownResponsibleDept -->
