<?xml version="1.0" encoding="UTF-8"?>
<!-- Generated by org.testng.reporters.JUnitReportReporter -->
<testsuite skipped="0" hostname="DESKTOP-4SLAKQP" name="physicalRisk.DropdownSubControlNameIfOperationalRadioButtonAndMediaProtectionOptionSelected" tests="1" failures="0" timestamp="2023-05-08T12:53:11 IST" time="10.723" errors="0">
  <testcase name="dropdownSubControlNameIfOperationalRadioButtonAndMediaProtectionOptionSelected" time="10.723" classname="physicalRisk.DropdownSubControlNameIfOperationalRadioButtonAndMediaProtectionOptionSelected"/>
  <system-out>
    <![CDATA[Successfully clicked on Physical Risk Assessment text on Hipaa Risk Management Page
Successfully clicked on Risk Assessment on left navigation bar in Physical risks page
The Operational Media Protection Sub Control Name Dropdown options from UI are 








MEDIA PROTECTION POLICY AND PROCEDURES
MEDIA ACCESS
MEDIA MARKING
MEDIA STORAGE
MEDIA TRANSPORT
MEDIA SANITIZATION
MEDIA USE
MEDIA DOWNGRADING
Error : DropDown options from UI are not matching with expected option in the excel]]>
  </system-out>
</testsuite> <!-- physicalRisk.DropdownSubControlNameIfOperationalRadioButtonAndMediaProtectionOptionSelected -->
