<?xml version="1.0" encoding="UTF-8"?>
<!-- Generated by org.testng.reporters.JUnitReportReporter -->
<testsuite skipped="0" hostname="DESKTOP-4SLAKQP" name="technologyRisk.DropdownSubControlNameIfOperationalRadioButtonAndSystemAndInfoemationIntegrityOptionSelected" tests="1" failures="0" timestamp="2023-05-06T18:12:10 IST" time="15.884" errors="0">
  <testcase name="dropdownSubControlNameIfOperationalRadioButtonAndSystemAndInfoemationIntegrityOptionSelected" time="15.884" classname="technologyRisk.DropdownSubControlNameIfOperationalRadioButtonAndSystemAndInfoemationIntegrityOptionSelected"/>
  <system-out>
    <![CDATA[Successfully clicked on Technology Risk Assessment text on Hipaa Risk Management Page
Successfully clicked on Risk Assessment on left navigation bar in technology risks page
The Operational System and Infoemation Integrity Sub Control Name Dropdown options from UI are 








SYSTEM AND INFORMATION INTEGRITY POLICY AND PROCEDURES
FLAW REMEDIATION
MALICIOUS CODE PROTECTION
INFORMATION SYSTEM MONITORING
SECURITY ALERTS, ADVISORIES, AND DIRECTIVES
SECURITY FUNCTION VERIFICATION
SOFTWARE, FIRMWARE, AND INFORMATION INTEGRITY
SPAM PROTECTION
INFORMATION INPUT RESTRICTIONS
INFORMATION INPUT VALIDATION
ERROR HANDLING
INFORMATION HANDLING AND RETENTION
PREDICTABLE FAILURE PREVENTION
NON-PERSISTENCE
INFORMATION OUTPUT FILTERING
MEMORY PROTECTION
FAIL-SAFE PROCEDURES
Error : DropDown options from UI are not matching with expected option in the excel]]>
  </system-out>
</testsuite> <!-- technologyRisk.DropdownSubControlNameIfOperationalRadioButtonAndSystemAndInfoemationIntegrityOptionSelected -->
