<?xml version="1.0" encoding="UTF-8"?>
<!-- Generated by org.testng.reporters.JUnitReportReporter -->
<testsuite hostname="DESKTOP-4SLAKQP" failures="0" tests="1" name="administrativeRisk.ToTestSearchInSelfRiskAssessmentQuestion" time="28.404" errors="0" timestamp="2023-05-04T17:47:35 IST" skipped="0">
  <testcase classname="administrativeRisk.ToTestSearchInSelfRiskAssessmentQuestion" name="search" time="28.404"/>
  <system-out>
    <![CDATA[The Related Searched  data is :
22 Have you implemented procedures for periodic testing and revision of contingency plans?
26 New Test
27 ToTest
28 Testing]]>
  </system-out>
</testsuite> <!-- administrativeRisk.ToTestSearchInSelfRiskAssessmentQuestion -->
