<?xml version="1.0" encoding="UTF-8"?>
<!-- Generated by org.testng.reporters.JUnitReportReporter -->
<testsuite skipped="0" hostname="DESKTOP-4SLAKQP" name="physicalRisk.DropdownSubControlNameIfTechnicalRadioButtonAndAccessControlOptionSelected" tests="1" failures="0" timestamp="2023-05-08T12:53:10 IST" time="13.904" errors="0">
  <testcase name="dropdownSubControlNameIfTechnicalRadioButtonAndAccessControlOptionSelected" time="13.904" classname="physicalRisk.DropdownSubControlNameIfTechnicalRadioButtonAndAccessControlOptionSelected"/>
  <system-out>
    <![CDATA[Successfully clicked on Physical Risk Assessment text on Hipaa Risk Management Page
Successfully clicked on Risk Assessment on left navigation bar in Physical risks page
The Technical Access Control Sub Control Name Dropdown options from UI are 



ACCESS CONTROL POLICY AND PROCEDURES
ACCOUNT MANAGEMENT
ACCESS ENFORCEMENT
INFORMATION FLOW ENFORCEMENT
SEPARATION OF DUTIES
LEAST PRIVILEGE
UNSUCCESSFUL LOGON ATTEMPTS
SYSTEM USE NOTIFICATION
PREVIOUS LOGON (ACCESS) NOTIFICATION
CONCURRENT SESSION CONTROL
SESSION LOCK
SESSION TERMINATION
SUPERVISION AND REVIEW
PERMITTED ACTIONS WITHOUT IDENTIFICATION OR AUTHENTICATION
AUTOMATED MARKING
SECURITY ATTRIBUTES
REMOTE ACCESS
WIRELESS ACCESS
ACCESS CONTROL FOR MOBILE DEVICES
USE OF EXTERNAL INFORMATION SYSTEMS
INFORMATION SHARING
PUBLICLY ACCESSIBLE CONTENT
DATA MINING PROTECTION
ACCESS CONTROL DECISIONS
REFERENCE MONITOR
Error : DropDown options from UI are not matching with expected option in the excel]]>
  </system-out>
</testsuite> <!-- physicalRisk.DropdownSubControlNameIfTechnicalRadioButtonAndAccessControlOptionSelected -->
