<?xml version="1.0" encoding="UTF-8"?>
<!-- Generated by org.testng.reporters.JUnitReportReporter -->
<testsuite skipped="0" hostname="DESKTOP-4SLAKQP" name="technologyRisk.DropdownResponsibleDept" tests="1" failures="0" timestamp="2023-05-06T18:12:10 IST" time="13.645" errors="0">
  <testcase name="responsibleDeptDropdown" time="13.645" classname="technologyRisk.DropdownResponsibleDept"/>
  <system-out>
    <![CDATA[Successfully clicked on Technology Risk Assessment text on Hipaa Risk Management Page
Successfully clicked on Risk Assessment on left navigation bar in Technology risks page
The Responsible Dept Dropdown options from UI are 
Admissions
Clinic
Diagnostics
Emergency
Ethics and Compliance
Inpatient
IT
Nursing
Quality
The Responsible Dept Dropdown Options from Excel are
Admissions
Clinic
Diagnostics
Emergency
Ethics and Compliance
Inpatient
IT
Nursing
Quality
Options are Matching]]>
  </system-out>
</testsuite> <!-- technologyRisk.DropdownResponsibleDept -->
