<?xml version="1.0" encoding="UTF-8"?>
<!-- Generated by org.testng.reporters.JUnitReportReporter -->
<testsuite hostname="TYSS-Shashank" failures="1" tests="1" name="HipaaWebsite.ToCreateANewTechnologyRiskAssessment" time="74.324" errors="0" timestamp="2023-04-22T16:45:25 IST" skipped="0">
  <testcase classname="HipaaWebsite.ToCreateANewTechnologyRiskAssessment" name="newTchnologyRiskAssessment" time="74.324">
    <failure message="User is not able to save the Edit and save the Technology Risk Assessment expected [[[ChromeDriver: chrome on WINDOWS (ea81e9bf41948d8ac646fdfc8020445f)] -&gt; xpath: //a[@class=&#039;navbar-brand&#039;]]] but found [[[ChromeDriver: chrome on WINDOWS (ea81e9bf41948d8ac646fdfc8020445f)] -&gt; id: ui-id-1]]" type="java.lang.AssertionError">
      <![CDATA[java.lang.AssertionError: User is not able to save the Edit and save the Technology Risk Assessment expected [[[ChromeDriver: chrome on WINDOWS (ea81e9bf41948d8ac646fdfc8020445f)] -> xpath: //a[@class='navbar-brand']]] but found [[[ChromeDriver: chrome on WINDOWS (ea81e9bf41948d8ac646fdfc8020445f)] -> id: ui-id-1]]
at org.testng.Assert.fail(Assert.java:99)
at org.testng.Assert.failNotEquals(Assert.java:1037)
at org.testng.Assert.assertEqualsImpl(Assert.java:140)
at org.testng.Assert.assertEquals(Assert.java:122)
at HipaaWebsite.ToCreateANewTechnologyRiskAssessment.newTchnologyRiskAssessment(ToCreateANewTechnologyRiskAssessment.java:179)
at java.base/jdk.internal.reflect.NativeMethodAccessorImpl.invoke0(Native Method)
at java.base/jdk.internal.reflect.NativeMethodAccessorImpl.invoke(NativeMethodAccessorImpl.java:77)
at java.base/jdk.internal.reflect.DelegatingMethodAccessorImpl.invoke(DelegatingMethodAccessorImpl.java:43)
at java.base/java.lang.reflect.Method.invoke(Method.java:568)
at org.testng.internal.MethodInvocationHelper.invokeMethod(MethodInvocationHelper.java:133)
at org.testng.internal.TestInvoker.invokeMethod(TestInvoker.java:598)
at org.testng.internal.TestInvoker.invokeTestMethod(TestInvoker.java:173)
at org.testng.internal.MethodRunner.runInSequence(MethodRunner.java:46)
at org.testng.internal.TestInvoker$MethodInvocationAgent.invoke(TestInvoker.java:824)
at org.testng.internal.TestInvoker.invokeTestMethods(TestInvoker.java:146)
at org.testng.internal.TestMethodWorker.invokeTestMethods(TestMethodWorker.java:146)
at org.testng.internal.TestMethodWorker.run(TestMethodWorker.java:128)
at java.base/java.util.ArrayList.forEach(ArrayList.java:1511)
at org.testng.TestRunner.privateRun(TestRunner.java:794)
at org.testng.TestRunner.run(TestRunner.java:596)
at org.testng.SuiteRunner.runTest(SuiteRunner.java:377)
at org.testng.SuiteRunner.runSequentially(SuiteRunner.java:371)
at org.testng.SuiteRunner.privateRun(SuiteRunner.java:332)
at org.testng.SuiteRunner.run(SuiteRunner.java:276)
at org.testng.SuiteRunnerWorker.runSuite(SuiteRunnerWorker.java:53)
at org.testng.SuiteRunnerWorker.run(SuiteRunnerWorker.java:96)
at org.testng.TestNG.runSuitesSequentially(TestNG.java:1212)
at org.testng.TestNG.runSuitesLocally(TestNG.java:1134)
at org.testng.TestNG.runSuites(TestNG.java:1063)
at org.testng.TestNG.run(TestNG.java:1031)
at org.testng.remote.AbstractRemoteTestNG.run(AbstractRemoteTestNG.java:115)
at org.testng.remote.RemoteTestNG.initAndRun(RemoteTestNG.java:251)
at org.testng.remote.RemoteTestNG.main(RemoteTestNG.java:77)
]]>
    </failure>
  </testcase> <!-- newTchnologyRiskAssessment -->
  <system-out>
    <![CDATA[The Risk ID captured is RSKT465
The captured description :The organization:
a. Develops, documents, and disseminates to [Assignment: organization-defined personnel or roles]:
1. An identification and authentication policy that addresses purpose, scope, roles, responsibilities, management commitment, coordination among organizational entities, and compliance; and
2. Procedures to facilitate the implementation of the identification and authentication policy and associated identification and authentication controls; and
b. Reviews and updates the current:
1. Identification and authentication policy [Assignment: organization-defined frequency]; and
2. Identificatio
The Target Quarter is :
The Data in Edit Technology Risk Assessment Page is :
RSKT909



Audit
Human
Totest
Testing
Testing
Confidentiality
Low
---Select Control Name---
IDENTIFICATION AND AUTHENTICATION POLICY AND PROCEDURES
The organization:
a. Develops, documents, and disseminates to [Assignment: organization-defined personnel or roles]:
1. An identification and authentication policy that addresses purpose, scope, roles, responsibilities, management commitment, coordination among organizational entities, and compliance; and
2. Procedures to facilitate the implementation of the identification and authentication policy and associated identification and authentication controls; and
b. Reviews and updates the current:
1. Identification and authentication policy [Assignment: organization-defined frequency]; and
2. Identificatio
Q4
Emergency
Mitigate
Open
]]>
  </system-out>
</testsuite> <!-- HipaaWebsite.ToCreateANewTechnologyRiskAssessment -->
