<?xml version="1.0" encoding="UTF-8"?>
<!-- Generated by org.testng.reporters.JUnitReportReporter -->
<testsuite skipped="0" hostname="DESKTOP-4SLAKQP" name="administrativeRisk.ToCreateANewAdministrativeRiskAssessment" tests="2" failures="0" timestamp="2023-05-05T14:30:23 IST" time="178.109" errors="0">
  <testcase name="createNewAdministrativeRiskAssessment" time="67.497" classname="administrativeRisk.ToCreateANewAdministrativeRiskAssessment"/>
  <system-out>
    <![CDATA[The Risk ID captured is RSKA045
The captured description :The information system uniquely identifies and authenticates [Assignment: organization-defined specific and/or types of devices] before establishing a [Selection (one or more): local; remote; network] connection.
The Target Quarter is :Q4
The Data in Edit Technology Risk Assessment Page is :
RSKA045
null
Accounts
ToTest
Shashank
Audit
Human
Totest
Testing
Testing
Confidentiality
Low
Access Control
IDENTIFICATION AND AUTHENTICATION POLICY AND PROCEDURES
The information system uniquely identifies and authenticates [Assignment: organization-defined specific and/or types of devices] before establishing a [Selection (one or more): local; remote; network] connection.
Q4
Emergency
Mitigate
Open
]]>
  </system-out>
  <testcase name="createNewAdministrativeRiskAssessment" time="110.612" classname="administrativeRisk.ToCreateANewAdministrativeRiskAssessment"/>
  <system-out>
    <![CDATA[The Risk ID captured is RSKA582
The captured description :The information system uniquely identifies and authenticates [Assignment: organization-defined specific and/or types of devices] before establishing a [Selection (one or more): local; remote; network] connection.
The Target Quarter is :Q4
The Data in Edit Technology Risk Assessment Page is :
RSKA582
null
Accounts
ToTest
Shashank
Audit
Human
Totest
Testing
Testing
Confidentiality
Low
Access Control
IDENTIFICATION AND AUTHENTICATION POLICY AND PROCEDURES
The information system uniquely identifies and authenticates [Assignment: organization-defined specific and/or types of devices] before establishing a [Selection (one or more): local; remote; network] connection.
Q4
Emergency
Mitigate
Open
]]>
  </system-out>
</testsuite> <!-- administrativeRisk.ToCreateANewAdministrativeRiskAssessment -->
