<?xml version="1.0" encoding="UTF-8"?>
<!-- Generated by org.testng.reporters.JUnitReportReporter -->
<testsuite hostname="TYSS-Shashank" failures="0" tests="25" name="Hipaa.ToVerifyAllTheLabelsInNewRiskPage" time="6.414" errors="0" timestamp="2023-04-24T23:02:22 IST" skipped="0">
  <testcase classname="Hipaa.ToVerifyAllTheLabelsInNewRiskPage" name="riskId" time="4.610"/>
  <system-out>
    <![CDATA[Verifyed Risk Id label in New Page]]>
  </system-out>
  <testcase classname="Hipaa.ToVerifyAllTheLabelsInNewRiskPage" name="departmentName" time="0.107"/>
  <system-out>
    <![CDATA[Verifyed Department Name label in New Page]]>
  </system-out>
  <testcase classname="Hipaa.ToVerifyAllTheLabelsInNewRiskPage" name="entityName" time="0.092"/>
  <system-out>
    <![CDATA[Verifyed Entity Name label in New Page]]>
  </system-out>
  <testcase classname="Hipaa.ToVerifyAllTheLabelsInNewRiskPage" name="assessor" time="0.115"/>
  <system-out>
    <![CDATA[Verifyed Assessor label in New Page]]>
  </system-out>
  <testcase classname="Hipaa.ToVerifyAllTheLabelsInNewRiskPage" name="assessed" time="0.063"/>
  <system-out>
    <![CDATA[Verifyed Assessed label in New Page]]>
  </system-out>
  <testcase classname="Hipaa.ToVerifyAllTheLabelsInNewRiskPage" name="riskInput" time="0.056"/>
  <system-out>
    <![CDATA[Verifyed Risk Input label in New Page]]>
  </system-out>
  <testcase classname="Hipaa.ToVerifyAllTheLabelsInNewRiskPage" name="threatSource" time="0.078"/>
  <system-out>
    <![CDATA[Verifyed Threat Source label in New Page]]>
  </system-out>
  <testcase classname="Hipaa.ToVerifyAllTheLabelsInNewRiskPage" name="riskDescription" time="0.098"/>
  <system-out>
    <![CDATA[Verifyed Risk Description label in New Page]]>
  </system-out>
  <testcase classname="Hipaa.ToVerifyAllTheLabelsInNewRiskPage" name="existingControls" time="0.079"/>
  <system-out>
    <![CDATA[Verifyed Existing Controls label in New Page]]>
  </system-out>
  <testcase classname="Hipaa.ToVerifyAllTheLabelsInNewRiskPage" name="riskImpactCategory" time="0.077"/>
  <system-out>
    <![CDATA[Verifyed Risk Impact Category label in New Page]]>
  </system-out>
  <testcase classname="Hipaa.ToVerifyAllTheLabelsInNewRiskPage" name="probabilityOfOccurance" time="0.072"/>
  <system-out>
    <![CDATA[Verifyed Probability of Occurance label in New Page]]>
  </system-out>
  <testcase classname="Hipaa.ToVerifyAllTheLabelsInNewRiskPage" name="impactLevel" time="0.069"/>
  <system-out>
    <![CDATA[Verifyed Impact Level label in New Page]]>
  </system-out>
  <testcase classname="Hipaa.ToVerifyAllTheLabelsInNewRiskPage" name="riskExposureLevel" time="0.058"/>
  <system-out>
    <![CDATA[Verifyed Risk Exposure Level label in New Page]]>
  </system-out>
  <testcase classname="Hipaa.ToVerifyAllTheLabelsInNewRiskPage" name="selectControlClass" time="0.056"/>
  <system-out>
    <![CDATA[Verifyed Select Control Class label in New Page]]>
  </system-out>
  <testcase classname="Hipaa.ToVerifyAllTheLabelsInNewRiskPage" name="controlName" time="0.063"/>
  <system-out>
    <![CDATA[Verifyed Control Name Class label in New Page]]>
  </system-out>
  <testcase classname="Hipaa.ToVerifyAllTheLabelsInNewRiskPage" name="subControlName" time="0.074"/>
  <system-out>
    <![CDATA[Verifyed Sub Control Name label in New Page]]>
  </system-out>
  <testcase classname="Hipaa.ToVerifyAllTheLabelsInNewRiskPage" name="description" time="0.060"/>
  <system-out>
    <![CDATA[Verifyed Description label in New Page]]>
  </system-out>
  <testcase classname="Hipaa.ToVerifyAllTheLabelsInNewRiskPage" name="newControls" time="0.090"/>
  <system-out>
    <![CDATA[Verifyed New Control label in New Page]]>
  </system-out>
  <testcase classname="Hipaa.ToVerifyAllTheLabelsInNewRiskPage" name="responsible" time="0.090"/>
  <system-out>
    <![CDATA[Verifyed Responsible label in New Page]]>
  </system-out>
  <testcase classname="Hipaa.ToVerifyAllTheLabelsInNewRiskPage" name="targetDate" time="0.073"/>
  <system-out>
    <![CDATA[Verifyed Target Date label in New Page]]>
  </system-out>
  <testcase classname="Hipaa.ToVerifyAllTheLabelsInNewRiskPage" name="targetQuarter" time="0.088"/>
  <system-out>
    <![CDATA[Verifyed Target Quarter label in New Page]]>
  </system-out>
  <testcase classname="Hipaa.ToVerifyAllTheLabelsInNewRiskPage" name="responsibleDept" time="0.066"/>
  <system-out>
    <![CDATA[Verifyed Responsible Dept label in New Page]]>
  </system-out>
  <testcase classname="Hipaa.ToVerifyAllTheLabelsInNewRiskPage" name="riskResponse" time="0.055"/>
  <system-out>
    <![CDATA[Verifyed Risk Response label in New Page]]>
  </system-out>
  <testcase classname="Hipaa.ToVerifyAllTheLabelsInNewRiskPage" name="status" time="0.072"/>
  <system-out>
    <![CDATA[Verifyed Status label in New Page]]>
  </system-out>
  <testcase classname="Hipaa.ToVerifyAllTheLabelsInNewRiskPage" name="closedDate" time="0.053"/>
  <system-out>
    <![CDATA[Verifyed  Closed Date label in New Page]]>
  </system-out>
</testsuite> <!-- Hipaa.ToVerifyAllTheLabelsInNewRiskPage -->
