<?xml version="1.0" encoding="UTF-8"?>
<!-- Generated by org.testng.reporters.JUnitReportReporter -->
<testsuite skipped="0" hostname="DESKTOP-4SLAKQP" name="technologyRisk.ToVerifyComponentsInKriDashboardPage" tests="1" failures="0" timestamp="2023-05-07T18:18:16 IST" time="30.243" errors="0">
  <testcase name="tableHeader" time="30.243" classname="technologyRisk.ToVerifyComponentsInKriDashboardPage"/>
  <system-out>
    <![CDATA[Successfully verified page title in dashboard page
Header is matching
1st Graph DataMedium Risk
High Risk
2016
2017
2018
2019
2023
1
2
3
4
5
2nd Graph Data Close
Open
40%
60%
3rd Graph Data High
Medium
50%
50%
4th Graph Data Availability
Confidentiality
50%
50%
5th Graph Data High
Medium
50%
50%
6th Graph Data Number of Risks
Q2
Q3
1
2
3
4
5]]>
  </system-out>
</testsuite> <!-- technologyRisk.ToVerifyComponentsInKriDashboardPage -->
