<?xml version="1.0" encoding="UTF-8"?>
<!-- Generated by org.testng.reporters.JUnitReportReporter -->
<testsuite hostname="DESKTOP-4SLAKQP" failures="0" tests="1" name="Hipaa.ToVerifyToolTipInHRMSPage" time="5.450" errors="0" timestamp="2023-04-30T12:04:34 IST" skipped="0">
  <testcase classname="Hipaa.ToVerifyToolTipInHRMSPage" name="toolTip" time="5.450"/>
  <system-out>
    <![CDATA[Verified tool tip for Technology Risk Assessment in HRMS Page
Verified tool tip for Administrative Risk Assessment in HRMS Page
Verified tool tip for Physical Risk Assessment in HRMS Page
Verified tool tip for Risk Review Board in HRMS Page]]>
  </system-out>
</testsuite> <!-- Hipaa.ToVerifyToolTipInHRMSPage -->
