<?xml version="1.0" encoding="UTF-8"?>
<!-- Generated by org.testng.reporters.JUnitReportReporter -->
<testsuite hostname="DESKTOP-4SLAKQP" failures="0" tests="1" name="technologyRisk.DropdownOperatingSystemInSoftware" time="20.722" errors="0" timestamp="2023-05-03T20:44:01 IST" skipped="0">
  <testcase classname="technologyRisk.DropdownOperatingSystemInSoftware" name="operatingSystemDropdown" time="20.722"/>
  <system-out>
    <![CDATA[Successfully clicked on Technology Risk Assessment text on Hipaa Risk Management Page
Successfully clicked on Risk Assessment on left navigation bar in technology risks page
The Asset Class Dropdown options from UI are 
Windows
Linux
MAC]]>
  </system-out>
</testsuite> <!-- technologyRisk.DropdownOperatingSystemInSoftware -->
