<?xml version="1.0" encoding="UTF-8"?>
<!-- Generated by org.testng.reporters.JUnitReportReporter -->
<testsuite skipped="0" hostname="DESKTOP-4SLAKQP" name="technologyRisk.DropdownRiskAssetClassInSoftware" tests="1" failures="0" timestamp="2023-05-06T18:12:10 IST" time="22.974" errors="0">
  <testcase name="riskAssetClassDropdownInSoftwareAsset" time="22.974" classname="technologyRisk.DropdownRiskAssetClassInSoftware"/>
  <system-out>
    <![CDATA[Successfully clicked on Technology Risk Assessment text on Hipaa Risk Management Page
Successfully clicked on Risk Assessment on left navigation bar in technology risks page
The Asset Class Dropdown options from UI are 
ePHI Software
Operating System
Server Software
Oracle Database
SQL Database
The Asset Class Dropdown Options from Excel are
ePHI Software
Operating System
Server Software
Oracle Database
SQL Database
Options are Matching]]>
  </system-out>
</testsuite> <!-- technologyRisk.DropdownRiskAssetClassInSoftware -->
