<?xml version="1.0" encoding="UTF-8"?>
<!-- Generated by org.testng.reporters.JUnitReportReporter -->
<testsuite hostname="DESKTOP-4SLAKQP" failures="0" tests="1" name="technologyRisk.DropdownSubControlNameIfOperationalRadioButtonAndPersonnelSecurityOptionSelected" time="15.285" errors="0" timestamp="2023-05-03T15:38:38 IST" skipped="0">
  <testcase classname="technologyRisk.DropdownSubControlNameIfOperationalRadioButtonAndPersonnelSecurityOptionSelected" name="subControlNameDropdown" time="15.285"/>
  <system-out>
    <![CDATA[Successfully clicked on Technology Risk Assessment text on Hipaa Risk Management Page
Successfully clicked on Risk Assessment on left navigation bar in technology risks page
The  Sub Control Name Dropdown options from UI are 








PERSONNEL SECURITY POLICY AND PROCEDURES
POSITION RISK DESIGNATION
PERSONNEL SCREENING
PERSONNEL TERMINATION
PERSONNEL TRANSFER
ACCESS AGREEMENTS
THIRD-PARTY PERSONNEL SECURITY
PERSONNEL SANCTIONS]]>
  </system-out>
</testsuite> <!-- technologyRisk.DropdownSubControlNameIfOperationalRadioButtonAndPersonnelSecurityOptionSelected -->
