<?xml version="1.0" encoding="UTF-8"?>
<!-- Generated by org.testng.reporters.JUnitReportReporter -->
<testsuite skipped="0" hostname="DESKTOP-4SLAKQP" name="physicalRisk.DropdownThreatSource" tests="1" failures="0" timestamp="2023-05-08T12:53:11 IST" time="14.080" errors="0">
  <testcase name="threadSourceDropdownInPhysicalRisk" time="14.080" classname="physicalRisk.DropdownThreatSource"/>
  <system-out>
    <![CDATA[Successfully clicked on Physical Risk Assessment text on Hipaa Risk Management Page
Successfully clicked on Risk Assessment on left navigation bar in Physical risks page
The Threat Source Dropdown options from UI are 
Human
Natural
The Threat Source Dropdown Options from Excel are
Human
Natural
Options are Matching]]>
  </system-out>
</testsuite> <!-- physicalRisk.DropdownThreatSource -->
