<?xml version="1.0" encoding="UTF-8"?>
<!-- Generated by org.testng.reporters.JUnitReportReporter -->
<testsuite hostname="TYSS-Shashank" failures="0" tests="6" name="Hipaa.ToVerifyAllTheDropdownOptionsInNewRiskPage" time="11.674" errors="0" timestamp="2023-04-24T23:02:22 IST" skipped="0">
  <testcase classname="Hipaa.ToVerifyAllTheDropdownOptionsInNewRiskPage" name="riskAssetClassDropdown" time="8.720"/>
  <system-out>
    <![CDATA[Successfully clicked on Technology Risk Assessment text on Hipaa Risk Management Page
Successfully clicked on Risk Assessment on left navigation bar in technology risks page
The Risk Assest Dropdown are 
The Risk Asset Class Dropdown options from UI are 
ePHI Software
Laptop
Mobile/Handheld Devices
Network Infrastructure
Operating System
Server Hardware
Server Software
The Risk Asset Class Dropdown Options from Excel are
ePHI Software
Laptop
Mobile/Handheld Devices
Network Infrastructure
Operating System
Server Hardware
Server Software
Options are Matching]]>
  </system-out>
  <testcase classname="Hipaa.ToVerifyAllTheDropdownOptionsInNewRiskPage" name="risInputDropdown" time="0.570"/>
  <system-out>
    <![CDATA[The Risk Assest Dropdown are 
The Risk Input Dropdown options from UI are 







Feedback
Audit
Management Review
Periodic Review
Customer
Error : DropDown options from UI are not matching with expected option in the excel]]>
  </system-out>
  <testcase classname="Hipaa.ToVerifyAllTheDropdownOptionsInNewRiskPage" name="threatSourceDropdown" time="0.516"/>
  <system-out>
    <![CDATA[The Risk Assest Dropdown are 
The Threat Source Dropdown options from UI are 












Human
Natural
Error : DropDown options from UI are not matching with expected option in the excel]]>
  </system-out>
  <testcase classname="Hipaa.ToVerifyAllTheDropdownOptionsInNewRiskPage" name="riskImpactDropdown" time="0.498"/>
  <system-out>
    <![CDATA[The Risk Assest Dropdown are 
The Risk Impact Dropdown options from UI are 














Integrity
Confidentiality
Availability
Error : DropDown options from UI are not matching with expected option in the excel]]>
  </system-out>
  <testcase classname="Hipaa.ToVerifyAllTheDropdownOptionsInNewRiskPage" name="probabilityOfOccuranceDropdown" time="0.582"/>
  <system-out>
    <![CDATA[The Risk Assest Dropdown are 
The Probability of Occurance Dropdown options from UI are 

















High
Medium
Low
Error : DropDown options from UI are not matching with expected option in the excel]]>
  </system-out>
  <testcase classname="Hipaa.ToVerifyAllTheDropdownOptionsInNewRiskPage" name="impactLevelDropdown" time="0.788"/>
  <system-out>
    <![CDATA[The Risk Assest Dropdown are 
The Impact Level Dropdown options from UI are 




















High
Medium
Low
Error : DropDown options from UI are not matching with expected option in the excel]]>
  </system-out>
</testsuite> <!-- Hipaa.ToVerifyAllTheDropdownOptionsInNewRiskPage -->
