<?xml version="1.0" encoding="UTF-8"?>
<!-- Generated by org.testng.reporters.JUnitReportReporter -->
<testsuite hostname="DESKTOP-4SLAKQP" failures="0" tests="1" name="technologyRisk.DropdownSubControlNameIfOperationalRadioButtonAndAwarenessAndTrainingOptionSelected" time="25.481" errors="0" timestamp="2023-05-03T15:08:50 IST" skipped="0">
  <testcase classname="technologyRisk.DropdownSubControlNameIfOperationalRadioButtonAndAwarenessAndTrainingOptionSelected" name="subControlNameDropdown" time="25.481"/>
  <system-out>
    <![CDATA[Successfully clicked on Technology Risk Assessment text on Hipaa Risk Management Page
Successfully clicked on Risk Assessment on left navigation bar in technology risks page
The Management System and Services Acquisition Sub Control Name Dropdown options from UI are 








SECURITY AWARENESS AND TRAINING POLICY AND PROCEDURES
SECURITY AWARENESS TRAINING
ROLE-BASED SECURITY TRAINING
SECURITY TRAINING RECORDS
CONTACTS WITH SECURITY GROUPS AND ASSOCIATIONS]]>
  </system-out>
</testsuite> <!-- technologyRisk.DropdownSubControlNameIfOperationalRadioButtonAndAwarenessAndTrainingOptionSelected -->
