<?xml version="1.0" encoding="UTF-8"?>
<!-- Generated by org.testng.reporters.JUnitReportReporter -->
<testsuite skipped="0" hostname="DESKTOP-4SLAKQP" name="physicalRisk.DropdownSubControlNameIfManagementRadioButtonAndCertificationAccreditationAndSecurityAssessmentsOptionSelected" tests="1" failures="0" timestamp="2023-05-10T09:59:46 IST" time="20.741" errors="0">
  <testcase name="dropdownSubControlNameIfManagementRadioButtonAndCertificationAccreditationAndSecurityAssessmentsOptionSelected" time="20.741" classname="physicalRisk.DropdownSubControlNameIfManagementRadioButtonAndCertificationAccreditationAndSecurityAssessmentsOptionSelected"/>
  <system-out>
    <![CDATA[Successfully clicked on Physical Risk Assessment text on Hipaa Risk Management Page
Successfully clicked on Risk Assessment on left navigation bar in Physical risks page
The Management Certification, Accreditation, and Security Assessments  Sub Control Name Dropdown options from UI are 



SYSTEM AND COMMUNICATIONS PROTECTION POLICY AND PROCEDURES
APPLICATION PARTITIONING
SECURITY FUNCTION ISOLATION
INFORMATION IN SHARED RESOURCES
DENIAL OF SERVICE PROTECTION
RESOURCE AVAILABILITY
BOUNDARY PROTECTION
TRANSMISSION CONFIDENTIALITY AND INTEGRITY
TRANSMISSION CONFIDENTIALITY
NETWORK DISCONNECT
TRUSTED PATH
CRYPTOGRAPHIC KEY ESTABLISHMENT AND MANAGEMENT
CRYPTOGRAPHIC PROTECTION
PUBLIC ACCESS PROTECTIONS
COLLABORATIVE COMPUTING DEVICES
TRANSMISSION OF SECURITY ATTRIBUTES
PUBLIC KEY INFRASTRUCTURE CERTIFICATES
MOBILE CODE
VOICE OVER INTERNET PROTOCOL
SECURE NAME / ADDRESS RESOLUTION SERVICE
SECURE NAME / ADDRESS RESOLUTION SERVICE
ARCHITECTURE AND PROVISIONING FOR NAME / ADDRESS RESOLUTION SERVICE
SESSION AUTHENTICITY
FAIL IN KNOWN STATE
THIN NODES
HONEYPOTS
PLATFORM-INDEPENDENT APPLICATIONS
PROTECTION OF INFORMATION AT REST
HETEROGENEITY
CONCEALMENT AND MISDIRECTION
COVERT CHANNEL ANALYSIS
INFORMATION SYSTEM PARTITIONING
TRANSMISSION PREPARATION INTEGRITY
NON-MODIFIABLE EXECUTABLE PROGRAMS
HONEYCLIENTS
DISTRIBUTED PROCESSING AND STORAGE
OUT-OF-BAND CHANNELS
OPERATIONS SECURITY
PROCESS ISOLATION
WIRELESS LINK PROTECTION
PORT AND I/O DEVICE ACCESS
SENSOR CAPABILITY AND DATA
USAGE RESTRICTIONS
DETONATION CHAMBERS
Error : DropDown options from UI are not matching with expected option in the excel]]>
  </system-out>
</testsuite> <!-- physicalRisk.DropdownSubControlNameIfManagementRadioButtonAndCertificationAccreditationAndSecurityAssessmentsOptionSelected -->
