<?xml version="1.0" encoding="UTF-8"?>
<!-- Generated by org.testng.reporters.JUnitReportReporter -->
<testsuite skipped="0" hostname="DESKTOP-4SLAKQP" name="technologyRisk.DropdownStatus" tests="1" failures="0" timestamp="2023-05-08T18:42:01 IST" time="11.521" errors="0">
  <testcase name="statusDropdownInTechnologyRisk" time="11.521" classname="technologyRisk.DropdownStatus"/>
  <system-out>
    <![CDATA[Successfully clicked on Technology Risk Assessment text on Hipaa Risk Management Page
Successfully clicked on Risk Assessment on left navigation bar in Technology risks page
The Status Dropdown options from UI are 
Open
In-Progress
Close
Error : DropDown options from UI are not matching with expected option in the excel]]>
  </system-out>
</testsuite> <!-- technologyRisk.DropdownStatus -->
