<?xml version="1.0" encoding="UTF-8"?>
<!-- Generated by org.testng.reporters.JUnitReportReporter -->
<testsuite skipped="0" hostname="DESKTOP-4SLAKQP" name="physicalRisk.DropdowncontrolNameIfManagementRadioButtonSelected" tests="1" failures="0" timestamp="2023-05-08T12:53:10 IST" time="19.095" errors="0">
  <testcase name="dropdowncontrolNameIfManagementRadioButtonSelectedInPhysicalRisk" time="19.095" classname="physicalRisk.DropdowncontrolNameIfManagementRadioButtonSelected"/>
  <system-out>
    <![CDATA[Successfully clicked on Physical Risk Assessment text on Hipaa Risk Management Page
Successfully clicked on Risk Assessment on left navigation bar in Physical risks page
The Management Control Name Dropdown options from UI are 
Certification, Accreditation, and Security Assessments
Planning
Risk Assessment
System and Services Acquisition
The Management Control Name Dropdown Options from Excel are
Certification, Accreditation, and Security Assessments
Planning
Risk Assessment
System and Services Acquisition
Options are Matching]]>
  </system-out>
</testsuite> <!-- physicalRisk.DropdowncontrolNameIfManagementRadioButtonSelected -->
