<?xml version="1.0" encoding="UTF-8"?>
<!-- Generated by org.testng.reporters.JUnitReportReporter -->
<testsuite skipped="0" hostname="DESKTOP-4SLAKQP" name="physicalRisk.DropdownSubControlNameIfTechnicalRadioButtonAndAuditAndAccountabilityOptionSelected" tests="1" failures="0" timestamp="2023-05-08T12:53:10 IST" time="25.477" errors="0">
  <testcase name="dropdownSubControlNameIfTechnicalRadioButtonAndAuditAndAccountabilityOptionSelected" time="25.477" classname="physicalRisk.DropdownSubControlNameIfTechnicalRadioButtonAndAuditAndAccountabilityOptionSelected"/>
  <system-out>
    <![CDATA[Successfully clicked on Physical Risk Assessment text on Hipaa Risk Management Page
Successfully clicked on Risk Assessment on left navigation bar in Physical risks page
The Technical Audit and Accountability Sub Control Name Dropdown options from UI are 



AUDIT AND ACCOUNTABILITY POLICY AND PROCEDURES
AUDIT EVENTS
CONTENT OF AUDIT RECORDS
AUDIT STORAGE CAPACITY
RESPONSE TO AUDIT PROCESSING FAILURES
AUDIT REVIEW, ANALYSIS, AND REPORTING
AUDIT REDUCTION AND REPORT GENERATION
TIME STAMPS
PROTECTION OF AUDIT INFORMATION
NON-REPUDIATION
AUDIT RECORD RETENTION
AUDIT GENERATION
MONITORING FOR INFORMATION DISCLOSURE
SESSION AUDIT
ALTERNATE AUDIT CAPABILITY
CROSS-ORGANIZATIONAL AUDITING
Error : DropDown options from UI are not matching with expected option in the excel]]>
  </system-out>
</testsuite> <!-- physicalRisk.DropdownSubControlNameIfTechnicalRadioButtonAndAuditAndAccountabilityOptionSelected -->
