<?xml version="1.0" encoding="UTF-8"?>
<!-- Generated by org.testng.reporters.JUnitReportReporter -->
<testsuite skipped="0" hostname="DESKTOP-4SLAKQP" name="physicalRisk.DropdownSubControlNameIfManagementRadioButtonAndPlanningOptionSelected" tests="1" failures="0" timestamp="2023-05-08T12:53:10 IST" time="21.479" errors="0">
  <testcase name="dropdownSubControlNameIfManagementRadioButtonAndPlanningOptionSelected" time="21.479" classname="physicalRisk.DropdownSubControlNameIfManagementRadioButtonAndPlanningOptionSelected"/>
  <system-out>
    <![CDATA[Successfully clicked on Physical Risk Assessment text on Hipaa Risk Management Page
Successfully clicked on Risk Assessment on left navigation bar in Physical risks page
The Management Planning Sub Control Name Dropdown options from UI are 



SECURITY PLANNING POLICY AND PROCEDURES
SYSTEM SECURITY PLAN
SYSTEM SECURITY PLAN UPDATE
RULES OF BEHAVIOR
PRIVACY IMPACT ASSESSMENT
SECURITY-RELATED ACTIVITY PLANNING
SECURITY CONCEPT OF OPERATIONS
INFORMATION SECURITY ARCHITECTURE
CENTRAL MANAGEMENT
Error : DropDown options from UI are not matching with expected option in the excel]]>
  </system-out>
</testsuite> <!-- physicalRisk.DropdownSubControlNameIfManagementRadioButtonAndPlanningOptionSelected -->
