<?xml version="1.0" encoding="UTF-8"?>
<!-- Generated by org.testng.reporters.JUnitReportReporter -->
<testsuite hostname="DESKTOP-4SLAKQP" failures="0" tests="1" name="technologyRisk.ToTestSelfRiskAssessmentQuestion" time="32.607" errors="0" timestamp="2023-05-04T16:57:16 IST" skipped="0">
  <testcase classname="technologyRisk.ToTestSelfRiskAssessmentQuestion" name="search" time="32.607"/>
  <system-out>
    <![CDATA[The Related Searched  data is :
13 TO Test
14 ToTest
16 Testing
17 Testing
18 Testing
19 Testing
20 Testing
21 Testing
22 ToTest
23 Testing
24 Testing
25 Testing
26 Testing
27 Testing
28 Testing]]>
  </system-out>
</testsuite> <!-- technologyRisk.ToTestSelfRiskAssessmentQuestion -->
