<?xml version="1.0" encoding="UTF-8"?>
<!-- Generated by org.testng.reporters.JUnitReportReporter -->
<testsuite skipped="0" hostname="DESKTOP-4SLAKQP" name="physicalRisk.ToVerifyAllTheLabelsInPhysicalRiskPage" tests="26" failures="0" timestamp="2023-05-08T12:53:10 IST" time="13.505" errors="0">
  <testcase name="riskIdLabelInPhysicalRisk" time="10.944" classname="physicalRisk.ToVerifyAllTheLabelsInPhysicalRiskPage"/>
  <system-out>
    <![CDATA[Verifyed Risk Id label in Physical Risk Page]]>
  </system-out>
  <testcase name="riskAgentLabelInPhysicalRisk" time="0.093" classname="physicalRisk.ToVerifyAllTheLabelsInPhysicalRiskPage"/>
  <system-out>
    <![CDATA[Verifyed Risk Agent label in Physical Risk Page]]>
  </system-out>
  <testcase name="departmentNameLabelInPhysicalRisk" time="0.098" classname="physicalRisk.ToVerifyAllTheLabelsInPhysicalRiskPage"/>
  <system-out>
    <![CDATA[Verifyed Department Name label in Physical Risk Page]]>
  </system-out>
  <testcase name="entityNameLabelInPhysicalRisk" time="0.217" classname="physicalRisk.ToVerifyAllTheLabelsInPhysicalRiskPage"/>
  <system-out>
    <![CDATA[Verifyed Entity Name label in Physical Risk Page]]>
  </system-out>
  <testcase name="assessorLabelInPhysicalRisk" time="0.101" classname="physicalRisk.ToVerifyAllTheLabelsInPhysicalRiskPage"/>
  <system-out>
    <![CDATA[Verifyed Assessor label in Physical Risk Page]]>
  </system-out>
  <testcase name="assessedLabelInPhysicalRisk" time="0.123" classname="physicalRisk.ToVerifyAllTheLabelsInPhysicalRiskPage"/>
  <system-out>
    <![CDATA[Verifyed Assessed label in Physical Risk Page]]>
  </system-out>
  <testcase name="riskInputLabelInPhysicalRisk" time="0.107" classname="physicalRisk.ToVerifyAllTheLabelsInPhysicalRiskPage"/>
  <system-out>
    <![CDATA[Verifyed Risk Input label in Physical Risk Page]]>
  </system-out>
  <testcase name="threatSourceLabelInPhysicalRisk" time="0.122" classname="physicalRisk.ToVerifyAllTheLabelsInPhysicalRiskPage"/>
  <system-out>
    <![CDATA[Verifyed Threat Source label in Physical Risk Page]]>
  </system-out>
  <testcase name="riskDescriptionLabelInPhysicalRisk" time="0.084" classname="physicalRisk.ToVerifyAllTheLabelsInPhysicalRiskPage"/>
  <system-out>
    <![CDATA[Verifyed Risk Description label in Physical Risk Page]]>
  </system-out>
  <testcase name="existingControlsLabelInPhysicalRisk" time="0.072" classname="physicalRisk.ToVerifyAllTheLabelsInPhysicalRiskPage"/>
  <system-out>
    <![CDATA[Verifyed Existing Controls label in Physical Risk Page]]>
  </system-out>
  <testcase name="riskImpactCategoryLabelInPhysicalRisk" time="0.065" classname="physicalRisk.ToVerifyAllTheLabelsInPhysicalRiskPage"/>
  <system-out>
    <![CDATA[Verifyed Risk Impact Category label in Physical Risk Page]]>
  </system-out>
  <testcase name="probabilityOfOccuranceLabelInPhysicalRisk" time="0.128" classname="physicalRisk.ToVerifyAllTheLabelsInPhysicalRiskPage"/>
  <system-out>
    <![CDATA[Verifyed Probability of Occurance label in Physical Risk Page]]>
  </system-out>
  <testcase name="impactLevelLabelInPhysicalRisk" time="0.093" classname="physicalRisk.ToVerifyAllTheLabelsInPhysicalRiskPage"/>
  <system-out>
    <![CDATA[Verifyed Impact Level label in Physical Risk Page]]>
  </system-out>
  <testcase name="riskExposureLevelLabelInPhysicalRisk" time="0.098" classname="physicalRisk.ToVerifyAllTheLabelsInPhysicalRiskPage"/>
  <system-out>
    <![CDATA[Verifyed Risk Exposure Level label in Physical Risk Page]]>
  </system-out>
  <testcase name="selectControlClassLabelInPhysicalRisk" time="0.070" classname="physicalRisk.ToVerifyAllTheLabelsInPhysicalRiskPage"/>
  <system-out>
    <![CDATA[Verifyed Select Control Class label in Physical Risk Page]]>
  </system-out>
  <testcase name="controlNameLabelInPhysicalRisk" time="0.099" classname="physicalRisk.ToVerifyAllTheLabelsInPhysicalRiskPage"/>
  <system-out>
    <![CDATA[Verifyed Control Name Class label in Physical Risk Page]]>
  </system-out>
  <testcase name="subControlNameLabelInPhysicalRisk" time="0.115" classname="physicalRisk.ToVerifyAllTheLabelsInPhysicalRiskPage"/>
  <system-out>
    <![CDATA[Verifyed Sub Control Name label in Physical Risk Page]]>
  </system-out>
  <testcase name="descriptionLabelInPhysicalRisk" time="0.117" classname="physicalRisk.ToVerifyAllTheLabelsInPhysicalRiskPage"/>
  <system-out>
    <![CDATA[Verifyed Description label in Physical Risk Page]]>
  </system-out>
  <testcase name="newControlsLabelInPhysicalRisk" time="0.107" classname="physicalRisk.ToVerifyAllTheLabelsInPhysicalRiskPage"/>
  <system-out>
    <![CDATA[Verifyed New Control label in Physical Risk Page]]>
  </system-out>
  <testcase name="responsibleLabelInPhysicalRisk" time="0.105" classname="physicalRisk.ToVerifyAllTheLabelsInPhysicalRiskPage"/>
  <system-out>
    <![CDATA[Verifyed Responsible label in Physical Risk Page]]>
  </system-out>
  <testcase name="targetDateLabelInPhysicalRisk" time="0.135" classname="physicalRisk.ToVerifyAllTheLabelsInPhysicalRiskPage"/>
  <system-out>
    <![CDATA[Verifyed Target Date label in Physical Risk Page]]>
  </system-out>
  <testcase name="targetQuarterLabelInPhysicalRisk" time="0.106" classname="physicalRisk.ToVerifyAllTheLabelsInPhysicalRiskPage"/>
  <system-out>
    <![CDATA[Verifyed Target Quarter label in Physical Risk Page]]>
  </system-out>
  <testcase name="responsibleDeptLabelInPhysicalRisk" time="0.068" classname="physicalRisk.ToVerifyAllTheLabelsInPhysicalRiskPage"/>
  <system-out>
    <![CDATA[Verifyed Responsible Dept label in Physical Risk Page]]>
  </system-out>
  <testcase name="riskResponseLabelInPhysicalRisk" time="0.058" classname="physicalRisk.ToVerifyAllTheLabelsInPhysicalRiskPage"/>
  <system-out>
    <![CDATA[Verifyed Risk Response label in Physical Risk Page]]>
  </system-out>
  <testcase name="statusLabelInPhysicalRisk" time="0.094" classname="physicalRisk.ToVerifyAllTheLabelsInPhysicalRiskPage"/>
  <system-out>
    <![CDATA[Verifyed Status label in Physical Risk Page]]>
  </system-out>
  <testcase name="closedDateLabelInPhysicalRisk" time="0.086" classname="physicalRisk.ToVerifyAllTheLabelsInPhysicalRiskPage"/>
  <system-out>
    <![CDATA[Verifyed  Closed Date label in Physical Risk Page]]>
  </system-out>
</testsuite> <!-- physicalRisk.ToVerifyAllTheLabelsInPhysicalRiskPage -->
