<?xml version="1.0" encoding="UTF-8"?>
<!-- Generated by org.testng.reporters.JUnitReportReporter -->
<testsuite skipped="0" hostname="DESKTOP-4SLAKQP" name="technologyRisk.ToCreateNewSoftwareAsset" tests="1" failures="0" timestamp="2023-05-06T18:12:10 IST" time="36.096" errors="0">
  <testcase name="newSoftwareAsset" time="36.096" classname="technologyRisk.ToCreateNewSoftwareAsset"/>
  <system-out>
    <![CDATA[The Risk ID captured is QOF563]]>
  </system-out>
</testsuite> <!-- technologyRisk.ToCreateNewSoftwareAsset -->
