<?xml version="1.0" encoding="UTF-8"?>
<!-- Generated by org.testng.reporters.JUnitReportReporter -->
<testsuite skipped="0" hostname="DESKTOP-4SLAKQP" name="technologyRisk.DropdownOperatingSystemInSoftware" tests="1" failures="0" timestamp="2023-05-06T18:12:11 IST" time="25.598" errors="0">
  <testcase name="operatingSystemDropdownInSoftwareAsset" time="25.598" classname="technologyRisk.DropdownOperatingSystemInSoftware"/>
  <system-out>
    <![CDATA[Successfully clicked on Technology Risk Assessment text on Hipaa Risk Management Page
Successfully clicked on Risk Assessment on left navigation bar in technology risks page
The Operating System Dropdown options from UI are 
Windows
Linux
MAC
The Operating System Dropdown Options from Excel are
Windows
Linux
MAC
Options are Matching]]>
  </system-out>
</testsuite> <!-- technologyRisk.DropdownOperatingSystemInSoftware -->
