<?xml version="1.0" encoding="UTF-8"?>
<!-- Generated by org.testng.reporters.JUnitReportReporter -->
<testsuite hostname="DESKTOP-4SLAKQP" failures="0" tests="1" name="technologyRisk.DropdownRiskAssetClassInHardware" time="23.128" errors="0" timestamp="2023-05-04T10:09:45 IST" skipped="0">
  <testcase classname="technologyRisk.DropdownRiskAssetClassInHardware" name="riskAssetClassDropdown" time="23.128"/>
  <system-out>
    <![CDATA[Successfully clicked on Technology Risk Assessment text on Hipaa Risk Management Page
Successfully clicked on Risk Assessment on left navigation bar in technology risks page
The Asset Class Dropdown options from UI are 
Laptop
Mobile/Handheld devices
Network Infrastructure
Server Hadware
The Asset Class Dropdown Options from Excel are
Laptop
Mobile/Handheld devices
Network Infrastructure
Server Hadware
Options are Matching]]>
  </system-out>
</testsuite> <!-- technologyRisk.DropdownRiskAssetClassInHardware -->
