<?xml version="1.0" encoding="UTF-8"?>
<!-- Generated by org.testng.reporters.JUnitReportReporter -->
<testsuite hostname="DESKTOP-4SLAKQP" failures="0" tests="1" name="technologyRisk.DropdownDepartmentFunctionInHardware" time="20.491" errors="0" timestamp="2023-05-04T10:09:45 IST" skipped="0">
  <testcase classname="technologyRisk.DropdownDepartmentFunctionInHardware" name="departmentFunctionDropdown" time="20.491"/>
  <system-out>
    <![CDATA[Successfully clicked on Technology Risk Assessment text on Hipaa Risk Management Page
Successfully clicked on Risk Assessment on left navigation bar in technology risks page
The DepartmentFunction Dropdown options from UI are 
Admissions
Clinic
Diagnostics
Emergency
Ethics and Compliance
Inpatient
IT
Nursing
Quality]]>
  </system-out>
</testsuite> <!-- technologyRisk.DropdownDepartmentFunctionInHardware -->
