<?xml version="1.0" encoding="UTF-8"?>
<!-- Generated by org.testng.reporters.JUnitReportReporter -->
<testsuite hostname="DESKTOP-4SLAKQP" failures="0" tests="1" name="administrativeRisk.ToVerifyLeftNavigationBarFunctionality" time="43.084" errors="0" timestamp="2023-05-01T11:05:21 IST" skipped="0">
  <testcase classname="administrativeRisk.ToVerifyLeftNavigationBarFunctionality" name="AdministrativeRiskNavBar" time="43.084"/>
  <system-out>
    <![CDATA[Verifyed KRI Dashboard section in left navigation bar for Administrative Risk Assessment
Successfully clicked on Risk Assessment in left navigation bar
Successfully verifyed on clicking New risk in left navigation bar navigated to New Administrative Risk Assessment Page
Successfully verifyed on clicking Edit risk in left navigation bar navigated to Edit Administrative Risk Assessment Page
Successfully verifyed on clicking All risk in left navigation bar navigated to All Administrative Risk Assessment Page
Successfully verifyed on clicking Open risk in left navigation bar navigated to All Administrative Risk Assessment Page
Successfully verifyed on clicking In Progress risk in left navigation bar navigated to All Administrative Risk Assessment Page
Successfully verifyed on clicking Closed risk in left navigation bar navigated to All Administrative Risk Assessment Page
Error on clicking on Risk Excel reports in left navigation bar Server error is displayed
Error on clicking on Risk Excel reports in left navigation bar Server error is displayed
Error on clicking on Risk Excel reports in left navigation bar Server error is displayed
Error on clicking on Risk Excel reports in left navigation bar Server error is displayed
Sucessfully namvigated to self risk Assessment Question page on clicking on Update Self Risk Assessment Question on left navigation bar
Successfully clicked on collapse icon]]>
  </system-out>
</testsuite> <!-- administrativeRisk.ToVerifyLeftNavigationBarFunctionality -->
