<?xml version="1.0" encoding="UTF-8"?>
<!-- Generated by org.testng.reporters.JUnitReportReporter -->
<testsuite skipped="0" hostname="DESKTOP-4SLAKQP" name="physicalRisk.DropdowncontrolNameIfTechnicalRadioButtonSelected" tests="1" failures="0" timestamp="2023-05-08T12:53:10 IST" time="10.088" errors="0">
  <testcase name="dropdowncontrolNameIfTechnicalRadioButtonSelectedInPhysicalRisk" time="10.088" classname="physicalRisk.DropdowncontrolNameIfTechnicalRadioButtonSelected"/>
  <system-out>
    <![CDATA[Successfully clicked on Physical Risk Assessment text on Hipaa Risk Management Page
Successfully clicked on Risk Assessment on left navigation bar in Physical risks page
The Technical Control Name Dropdown options from UI are 
Access Control
Audit and Accountability
Identification and Authentication
System and Communications Protection
Error : DropDown options from UI are not matching with expected option in the excel]]>
  </system-out>
</testsuite> <!-- physicalRisk.DropdowncontrolNameIfTechnicalRadioButtonSelected -->
