<?xml version="1.0" encoding="UTF-8"?>
<!-- Generated by org.testng.reporters.JUnitReportReporter -->
<testsuite hostname="DESKTOP-4SLAKQP" failures="0" tests="1" name="technologyRisk.DropdownSubControlNameIfOperationalRadioButtonAndPhysicalAndEnvironmentalProtectionOptionSelected" time="23.638" errors="0" timestamp="2023-05-03T15:34:43 IST" skipped="0">
  <testcase classname="technologyRisk.DropdownSubControlNameIfOperationalRadioButtonAndPhysicalAndEnvironmentalProtectionOptionSelected" name="subControlNameDropdown" time="23.638"/>
  <system-out>
    <![CDATA[Successfully clicked on Technology Risk Assessment text on Hipaa Risk Management Page
Successfully clicked on Risk Assessment on left navigation bar in technology risks page
The Operational Media Protection Sub Control Name Dropdown options from UI are 








PHYSICAL AND ENVIRONMENTAL PROTECTION POLICY AND PROCEDURES
PHYSICAL ACCESS AUTHORIZATIONS
PHYSICAL ACCESS CONTROL
ACCESS CONTROL FOR TRANSMISSION MEDIUM
ACCESS CONTROL FOR OUTPUT DEVICES
MONITORING PHYSICAL ACCESS
VISITOR CONTROL
VISITOR ACCESS RECORDS
POWER EQUIPMENT AND CABLING
EMERGENCY SHUTOFF
EMERGENCY POWER
EMERGENCY LIGHTING
FIRE PROTECTION
TEMPERATURE AND HUMIDITY CONTROLS
WATER DAMAGE PROTECTION
DELIVERY AND REMOVAL
ALTERNATE WORK SITE
LOCATION OF INFORMATION SYSTEM COMPONENTS
INFORMATION LEAKAGE
ASSET MONITORING AND TRACKING]]>
  </system-out>
</testsuite> <!-- technologyRisk.DropdownSubControlNameIfOperationalRadioButtonAndPhysicalAndEnvironmentalProtectionOptionSelected -->
