<?xml version="1.0" encoding="UTF-8"?>
<!-- Generated by org.testng.reporters.JUnitReportReporter -->
<testsuite hostname="DESKTOP-4SLAKQP" failures="0" tests="1" name="technologyRisk.DropdownDataClassificationInSoftware" time="25.295" errors="0" timestamp="2023-05-03T20:57:22 IST" skipped="0">
  <testcase classname="technologyRisk.DropdownDataClassificationInSoftware" name="applicationCriticalityDropdown" time="25.295"/>
  <system-out>
    <![CDATA[Successfully clicked on Technology Risk Assessment text on Hipaa Risk Management Page
Successfully clicked on Risk Assessment on left navigation bar in technology risks page
The Data Classification Dropdown options from UI are 
Confidential [Contains - ePHI]
Sensitive [Non-PHI, but business ctitial]]]>
  </system-out>
</testsuite> <!-- technologyRisk.DropdownDataClassificationInSoftware -->
