<?xml version="1.0" encoding="UTF-8"?>
<!-- Generated by org.testng.reporters.JUnitReportReporter -->
<testsuite skipped="0" hostname="DESKTOP-4SLAKQP" name="technologyRisk.DropdownSubControlNameIfManagementRadioButtonAndSystemAndServicesAcquisitionOptionSelected" tests="1" failures="0" timestamp="2023-05-06T18:12:10 IST" time="18.161" errors="0">
  <testcase name="dropdownSubControlNameIfManagementRadioButtonAndSystemAndServicesAcquisitionOptionSelected" time="18.161" classname="technologyRisk.DropdownSubControlNameIfManagementRadioButtonAndSystemAndServicesAcquisitionOptionSelected"/>
  <system-out>
    <![CDATA[Successfully clicked on Technology Risk Assessment text on Hipaa Risk Management Page
Successfully clicked on Risk Assessment on left navigation bar in technology risks page
The Management System and Services Acquisition Sub Control Name Dropdown options from UI are 



SYSTEM AND SERVICES ACQUISITION POLICY AND PROCEDURES
ALLOCATION OF RESOURCES
SYSTEM DEVELOPMENT LIFE CYCLE
ACQUISITION PROCESS
INFORMATION SYSTEM DOCUMENTATION
SOFTWARE USAGE RESTRICTIONS
USER-INSTALLED SOFTWARE
SECURITY ENGINEERING PRINCIPLES
EXTERNAL INFORMATION SYSTEM SERVICES
DEVELOPER CONFIGURATION MANAGEMENT
DEVELOPER SECURITY TESTING AND EVALUATION
SUPPLY CHAIN PROTECTION
TRUSTWORTHINESS
CRITICALITY ANALYSIS
DEVELOPMENT PROCESS, STANDARDS, AND TOOLS
DEVELOPER-PROVIDED TRAINING
DEVELOPER SECURITY ARCHITECTURE AND DESIGN
TAMPER RESISTANCE AND DETECTION
COMPONENT AUTHENTICITY
CUSTOMIZED DEVELOPMENT OF CRITICAL COMPONENTS
DEVELOPER SCREENING
UNSUPPORTED SYSTEM COMPONENTS
Error : DropDown options from UI are not matching with expected option in the excel]]>
  </system-out>
</testsuite> <!-- technologyRisk.DropdownSubControlNameIfManagementRadioButtonAndSystemAndServicesAcquisitionOptionSelected -->
