<?xml version="1.0" encoding="UTF-8"?>
<!-- Generated by org.testng.reporters.JUnitReportReporter -->
<testsuite skipped="1" hostname="DESKTOP-4SLAKQP" name="physicalRisk.ToVerifyDataInRespectiveStatusPage" tests="1" failures="0" timestamp="2023-05-08T12:53:11 IST" time="0.000" errors="0">
  <testcase name="newPhysicalRiskAssessment" time="0.000" classname="physicalRisk.ToVerifyDataInRespectiveStatusPage">
    <skipped/>
  </testcase> <!-- newPhysicalRiskAssessment -->
  <system-out/>
</testsuite> <!-- physicalRisk.ToVerifyDataInRespectiveStatusPage -->
