<?xml version="1.0" encoding="UTF-8"?>
<!-- Generated by org.testng.reporters.JUnitReportReporter -->
<testsuite skipped="0" hostname="DESKTOP-4SLAKQP" name="technologyRisk.ToVerifyAllTheLabelsInHardwareAssetPage" tests="11" failures="0" timestamp="2023-05-07T20:37:30 IST" time="38.419" errors="0">
  <testcase name="assetIdLabelInHardwareAsset" time="36.576" classname="technologyRisk.ToVerifyAllTheLabelsInHardwareAssetPage"/>
  <system-out>
    <![CDATA[Successfully verified AssetId label under Hardware Inventory Details in Hardware Asset Page]]>
  </system-out>
  <testcase name="assetClassLabelInHardwareAsset" time="0.189" classname="technologyRisk.ToVerifyAllTheLabelsInHardwareAssetPage"/>
  <system-out>
    <![CDATA[Successfully verified Asset Class label under Hardware Inventory Details in Hardware Asset Page]]>
  </system-out>
  <testcase name="HostNameLabelInHardwreAsset" time="0.242" classname="technologyRisk.ToVerifyAllTheLabelsInHardwareAssetPage"/>
  <system-out>
    <![CDATA[Successfully verified Host Name label under Hardware Inventory Details in Hardware Asset Page]]>
  </system-out>
  <testcase name="makeLabelInHardwareAsset" time="0.149" classname="technologyRisk.ToVerifyAllTheLabelsInHardwareAssetPage"/>
  <system-out>
    <![CDATA[Successfully verified Operating System label under Hardware Inventory Details in Hardware Asset Page]]>
  </system-out>
  <testcase name="descriptionLabelInHardwareAsset" time="0.162" classname="technologyRisk.ToVerifyAllTheLabelsInHardwareAssetPage"/>
  <system-out>
    <![CDATA[Successfully verified Description label under Hardware Inventory Details in Hardware Asset Page]]>
  </system-out>
  <testcase name="hardwareCriticalityLabelInHardwareAsset" time="0.156" classname="technologyRisk.ToVerifyAllTheLabelsInHardwareAssetPage"/>
  <system-out>
    <![CDATA[Successfully verified Hardware Criticality label under Hardware Inventory Details in Hardware Asset Page]]>
  </system-out>
  <testcase name="typeLabelInHardwareAsset" time="0.190" classname="technologyRisk.ToVerifyAllTheLabelsInHardwareAssetPage"/>
  <system-out>
    <![CDATA[Successfully verified Type label under Hardware Inventory Details in Hardware Asset Page]]>
  </system-out>
  <testcase name="riskAssessFrequencyLabelInHardwareAsset" time="0.190" classname="technologyRisk.ToVerifyAllTheLabelsInHardwareAssetPage"/>
  <system-out>
    <![CDATA[Successfully verified  Risk Assess Frequency label under Hardware Inventory Details in Hardware Asset Page]]>
  </system-out>
  <testcase name="businessFunctionLabelInHardwareAsset" time="0.254" classname="technologyRisk.ToVerifyAllTheLabelsInHardwareAssetPage"/>
  <system-out>
    <![CDATA[Successfully verified Business Function label under Hardware Inventory Details in Hardware Asset Page]]>
  </system-out>
  <testcase name="systemOwnerLabelInHardwareAsset" time="0.175" classname="technologyRisk.ToVerifyAllTheLabelsInHardwareAssetPage"/>
  <system-out>
    <![CDATA[Successfully verified System Owner label under Hardware Inventory Details in Hardware Asset Page]]>
  </system-out>
  <testcase name="departmentFunctionLabelInHardwareAsset" time="0.136" classname="technologyRisk.ToVerifyAllTheLabelsInHardwareAssetPage"/>
  <system-out>
    <![CDATA[Successfully verified Department Function label under Hardware Inventory Details in Hardware Asset Page]]>
  </system-out>
</testsuite> <!-- technologyRisk.ToVerifyAllTheLabelsInHardwareAssetPage -->
