<?xml version="1.0" encoding="UTF-8"?>
<!-- Generated by org.testng.reporters.JUnitReportReporter -->
<testsuite skipped="0" hostname="DESKTOP-4SLAKQP" name="technologyRisk.DropdownRiskResponse" tests="1" failures="0" timestamp="2023-05-06T18:12:10 IST" time="23.676" errors="0">
  <testcase name="riskResponseDropdownInTechnologyRisk" time="23.676" classname="technologyRisk.DropdownRiskResponse"/>
  <system-out>
    <![CDATA[Successfully clicked on Technology Risk Assessment text on Hipaa Risk Management Page
Successfully clicked on Risk Assessment on left navigation bar in Technology risks page
The Risk Response Dropdown options from UI are 
Transfer
Mitigate
Avoid
Accept
Error : DropDown options from UI are not matching with expected option in the excel]]>
  </system-out>
</testsuite> <!-- technologyRisk.DropdownRiskResponse -->
