<?xml version="1.0" encoding="UTF-8"?>
<!-- Generated by org.testng.reporters.JUnitReportReporter -->
<testsuite skipped="0" hostname="DESKTOP-4SLAKQP" name="physicalRisk.DropdownRiskAgent" tests="1" failures="0" timestamp="2023-05-08T12:53:10 IST" time="21.217" errors="0">
  <testcase name="riskAgentDropdownInPhysicalRisk" time="21.217" classname="physicalRisk.DropdownRiskAgent"/>
  <system-out>
    <![CDATA[Successfully clicked on Physical Risk Assessment text on Hipaa Risk Management Page
Successfully clicked on Risk Assessment on left navigation bar in Physical risks page
The Risk Agent Dropdown options from UI are 
Building
Data Center
Facility
IT Office
Laboratory
Records Storage
Server Room
The Risk Agent Dropdown Options from Excel are
Building
Data Center
Facility
IT Office
Laboratory
Records Storage
Server Room
Options are Matching]]>
  </system-out>
</testsuite> <!-- physicalRisk.DropdownRiskAgent -->
