<?xml version="1.0" encoding="UTF-8"?>
<!-- Generated by org.testng.reporters.JUnitReportReporter -->
<testsuite hostname="TYSS-Shashank" failures="0" tests="1" name="Hipaa.DropdownRiskImpactCategory" time="17.957" errors="0" timestamp="2023-04-24T23:02:22 IST" skipped="0">
  <testcase classname="Hipaa.DropdownRiskImpactCategory" name="riskImpactCatrgoryDropdown" time="17.957"/>
  <system-out>
    <![CDATA[Successfully clicked on Technology Risk Assessment text on Hipaa Risk Management Page
Successfully clicked on Risk Assessment on left navigation bar in technology risks page
The Risk Impact Category Dropdown options from UI are 
Integrity
Confidentiality
Availability
Error : DropDown options from UI are not matching with expected option in the excel]]>
  </system-out>
</testsuite> <!-- Hipaa.DropdownRiskImpactCategory -->
