<?xml version="1.0" encoding="UTF-8"?>
<!-- Generated by org.testng.reporters.JUnitReportReporter -->
<testsuite hostname="DESKTOP-4SLAKQP" failures="0" tests="2" name="administrativeRisk.ToVerifyDataInRespectiveStatusPage" time="159.293" errors="0" timestamp="2023-05-02T17:02:18 IST" skipped="0">
  <testcase classname="administrativeRisk.ToVerifyDataInRespectiveStatusPage" name="newAdministrativeRiskAssessment" time="84.963"/>
  <system-out>
    <![CDATA[The Risk ID captured is RSKA368
The captured description :The information system uniquely identifies and authenticates [Assignment: organization-defined specific and/or types of devices] before establishing a [Selection (one or more): local; remote; network] connection.
The Target Quarter is :

RSKA368
Employees
ToTest
10/2/2023
Totest
Verified data in open risk is :
inprogressValue[i]
inprogressValue[i]
inprogressValue[i]
inprogressValue[i]
inprogressValue[i]
inprogressValue[i]
inprogressValue[i]
inprogressValue[i]
inprogressValue[i]]]>
  </system-out>
  <testcase classname="administrativeRisk.ToVerifyDataInRespectiveStatusPage" name="newAdministrativeRiskAssessment" time="74.330"/>
  <system-out>
    <![CDATA[The Risk ID captured is RSKA269
The captured description :
The Target Quarter is :

RSKA269
Employees
ToTest
10/2/2023
Totest
Verified data in open risk is :
inprogressValue[i]
inprogressValue[i]
inprogressValue[i]
inprogressValue[i]
inprogressValue[i]
inprogressValue[i]
inprogressValue[i]
inprogressValue[i]
inprogressValue[i]]]>
  </system-out>
</testsuite> <!-- administrativeRisk.ToVerifyDataInRespectiveStatusPage -->
