<?xml version="1.0" encoding="UTF-8"?>
<!-- Generated by org.testng.reporters.JUnitReportReporter -->
<testsuite skipped="0" hostname="DESKTOP-4SLAKQP" name="physicalRisk.DropdownSubControlNameIfOperationalRadioButtonAndContingencyPlaningOptionSelected" tests="1" failures="0" timestamp="2023-05-08T12:53:10 IST" time="11.825" errors="0">
  <testcase name="dropdownSubControlNameIfOperationalRadioButtonAndContingencyPlaningOptionSelected" time="11.825" classname="physicalRisk.DropdownSubControlNameIfOperationalRadioButtonAndContingencyPlaningOptionSelected"/>
  <system-out>
    <![CDATA[Successfully clicked on Physical Risk Assessment text on Hipaa Risk Management Page
Successfully clicked on Risk Assessment on left navigation bar in Physical risks page
The Operational Contingency Planing Sub Control Name Dropdown options from UI are 








CONTINGENCY PLANNING POLICY AND PROCEDURES
CONTINGENCY PLAN
CONTINGENCY TRAINING
CONTINGENCY PLAN TESTING
CONTINGENCY PLAN UPDATE
ALTERNATE STORAGE SITE
ALTERNATE PROCESSING SITE
TELECOMMUNICATIONS SERVICES
INFORMATION SYSTEM BACKUP
INFORMATION SYSTEM RECOVERY AND RECONSTITUTION
ALTERNATE COMMUNICATIONS PROTOCOLS
SAFE MODE
ALTERNATIVE SECURITY MECHANISMS
Error : DropDown options from UI are not matching with expected option in the excel]]>
  </system-out>
</testsuite> <!-- physicalRisk.DropdownSubControlNameIfOperationalRadioButtonAndContingencyPlaningOptionSelected -->
