<?xml version="1.0" encoding="UTF-8"?>
<!-- Generated by org.testng.reporters.JUnitReportReporter -->
<testsuite skipped="0" hostname="DESKTOP-4SLAKQP" name="technologyRisk.ToCreateNewHardwareAsset" tests="1" failures="0" timestamp="2023-05-06T18:12:10 IST" time="51.326" errors="0">
  <testcase name="createNewHardwareAsset" time="51.326" classname="technologyRisk.ToCreateNewHardwareAsset"/>
  <system-out>
    <![CDATA[The Risk ID captured is HPV858
Successfully verified Success Message in Hardware Asset Page on creating a New Hardware Asset
HPV858
Network
Infrastructure
Test
Test
Sony
Medium
As
per
policy
Patient
billing
Test
Diagnostics]]>
  </system-out>
</testsuite> <!-- technologyRisk.ToCreateNewHardwareAsset -->
