<?xml version="1.0" encoding="UTF-8"?>
<!-- Generated by org.testng.reporters.JUnitReportReporter -->
<testsuite hostname="TYSS-Shashank" failures="0" tests="1" name="Hipaa.ToVerifyAllTheDropdownOptions" time="11.308" errors="0" timestamp="2023-04-15T13:24:51 IST" skipped="0">
  <testcase classname="Hipaa.ToVerifyAllTheDropdownOptions" name="ddTest" time="11.308"/>
  <system-out>
    <![CDATA[Successfully clicked on Technology Risk Assessment text on Hipaa Risk Management Page
Successfully clicked on Risk Assessment on left navigation bar in technology risks page
ePHI Software
Laptop
Mobile/Handheld Devices
Network Infrastructure
Operating System
Server Hardware
Server Software
Options are Matching]]>
  </system-out>
</testsuite> <!-- Hipaa.ToVerifyAllTheDropdownOptions -->
