<?xml version="1.0" encoding="UTF-8"?>
<!-- Generated by org.testng.reporters.JUnitReportReporter -->
<testsuite hostname="TYSS-Shashank" failures="0" tests="1" name="Hipaa.Hipaa_012" time="15.316" errors="0" timestamp="2023-04-14T22:27:41 IST" skipped="0">
  <testcase classname="Hipaa.Hipaa_012" name="verificationOfKriDashboard" time="15.316"/>
  <system-out>
    <![CDATA[Successfully clicked on Technology Risk Assessment text on Hipaa Risk Management Page
KRI Dashboard is provided in Technology Risk Assessment page]]>
  </system-out>
</testsuite> <!-- Hipaa.Hipaa_012 -->
