<?xml version="1.0" encoding="UTF-8"?>
<!-- Generated by org.testng.reporters.JUnitReportReporter -->
<testsuite hostname="DESKTOP-4SLAKQP" failures="0" tests="1" name="technologyRisk.DropdownSubControlNameIfOperationalRadioButtonAndMaintenanceOptionSelected" time="24.846" errors="0" timestamp="2023-05-03T15:27:06 IST" skipped="0">
  <testcase classname="technologyRisk.DropdownSubControlNameIfOperationalRadioButtonAndMaintenanceOptionSelected" name="subControlNameDropdown" time="24.846"/>
  <system-out>
    <![CDATA[Successfully clicked on Technology Risk Assessment text on Hipaa Risk Management Page
Successfully clicked on Risk Assessment on left navigation bar in technology risks page
The Operational Incident Response Sub Control Name Dropdown options from UI are 








SYSTEM MAINTENANCE POLICY AND PROCEDURES
CONTROLLED MAINTENANCE
MAINTENANCE TOOLS
NONLOCAL MAINTENANCE
MAINTENANCE PERSONNEL
TIMELY MAINTENANCE]]>
  </system-out>
</testsuite> <!-- technologyRisk.DropdownSubControlNameIfOperationalRadioButtonAndMaintenanceOptionSelected -->
