<?xml version="1.0" encoding="UTF-8"?>
<!-- Generated by org.testng.reporters.JUnitReportReporter -->
<testsuite hostname="DESKTOP-4SLAKQP" failures="0" tests="1" name="administrativeRisk.DemoRiskReview" time="7.851" errors="0" timestamp="2023-05-02T18:17:48 IST" skipped="0">
  <testcase classname="administrativeRisk.DemoRiskReview" name="approveTest" time="7.851"/>
  <system-out>
    <![CDATA[User is not able to delete the risk in Risk Review Board]]>
  </system-out>
</testsuite> <!-- administrativeRisk.DemoRiskReview -->
