<?xml version="1.0" encoding="UTF-8"?>
<!-- Generated by org.testng.reporters.JUnitReportReporter -->
<testsuite hostname="TYSS-Shashank" failures="0" tests="1" name="Generic_Liberary.Demo" time="1.207" errors="0" timestamp="2023-04-17T17:48:33 IST" skipped="0">
  <testcase classname="Generic_Liberary.Demo" name="data" time="1.207"/>
  <system-out/>
</testsuite> <!-- Generic_Liberary.Demo -->
