<?xml version="1.0" encoding="UTF-8"?>
<!-- Generated by org.testng.reporters.JUnitReportReporter -->
<testsuite hostname="DESKTOP-4SLAKQP" failures="0" tests="1" name="technologyRisk.TestVerticalScroll" time="12.874" errors="0" timestamp="2023-05-04T10:50:07 IST" skipped="0">
  <testcase classname="technologyRisk.TestVerticalScroll" name="toadd" time="12.874"/>
  <system-out/>
</testsuite> <!-- technologyRisk.TestVerticalScroll -->
