<?xml version="1.0" encoding="UTF-8"?>
<!-- Generated by org.testng.reporters.JUnitReportReporter -->
<testsuite skipped="0" hostname="DESKTOP-4SLAKQP" name="technologyRisk.DropdowncontrolNameIfManagementRadioButtonSelected" tests="1" failures="0" timestamp="2023-05-10T09:57:21 IST" time="15.670" errors="0">
  <testcase name="dropdowncontrolNameIfManagementRadioButtonSelectedInTechnologyRisk" time="15.670" classname="technologyRisk.DropdowncontrolNameIfManagementRadioButtonSelected"/>
  <system-out>
    <![CDATA[Successfully clicked on Technology Risk Assessment text on Hipaa Risk Management Page
Successfully clicked on Risk Assessment on left navigation bar in technology risks page
The Management Control Name Dropdown options from UI are 
Certification, Accreditation, and Security Assessments
Planning
Risk Assessment
System and Services Acquisition
The Management Control Name Dropdown Options from Excel are
Certification, Accreditation, and Security Assessments
Planning
Risk Assessment
System and Services Acquisition
Options are Matching]]>
  </system-out>
</testsuite> <!-- technologyRisk.DropdowncontrolNameIfManagementRadioButtonSelected -->
