<?xml version="1.0" encoding="UTF-8"?>
<!-- Generated by org.testng.reporters.JUnitReportReporter -->
<testsuite hostname="DESKTOP-4SLAKQP" failures="0" tests="1" name="technologyRisk.DropdownSubControlNameIfTechnicalRadioButtonAndAccessControlOptionSelected" time="24.367" errors="0" timestamp="2023-05-03T13:02:04 IST" skipped="0">
  <testcase classname="technologyRisk.DropdownSubControlNameIfTechnicalRadioButtonAndAccessControlOptionSelected" name="subControlNameDropdown" time="24.367"/>
  <system-out>
    <![CDATA[Successfully clicked on Technology Risk Assessment text on Hipaa Risk Management Page
Successfully clicked on Risk Assessment on left navigation bar in technology risks page
The Technical Access Control Sub Control Name Dropdown options from UI are 



ACCESS CONTROL POLICY AND PROCEDURES
ACCOUNT MANAGEMENT
ACCESS ENFORCEMENT
INFORMATION FLOW ENFORCEMENT
SEPARATION OF DUTIES
LEAST PRIVILEGE
UNSUCCESSFUL LOGON ATTEMPTS
SYSTEM USE NOTIFICATION
PREVIOUS LOGON (ACCESS) NOTIFICATION
CONCURRENT SESSION CONTROL
SESSION LOCK
SESSION TERMINATION
SUPERVISION AND REVIEW
PERMITTED ACTIONS WITHOUT IDENTIFICATION OR AUTHENTICATION
AUTOMATED MARKING
SECURITY ATTRIBUTES
REMOTE ACCESS
WIRELESS ACCESS
ACCESS CONTROL FOR MOBILE DEVICES
USE OF EXTERNAL INFORMATION SYSTEMS
INFORMATION SHARING
PUBLICLY ACCESSIBLE CONTENT
DATA MINING PROTECTION
ACCESS CONTROL DECISIONS
REFERENCE MONITOR]]>
  </system-out>
</testsuite> <!-- technologyRisk.DropdownSubControlNameIfTechnicalRadioButtonAndAccessControlOptionSelected -->
