<?xml version="1.0" encoding="UTF-8"?>
<!-- Generated by org.testng.reporters.JUnitReportReporter -->
<testsuite skipped="0" hostname="DESKTOP-4SLAKQP" name="technologyRisk.DropdownSubControlNameIfOperationalRadioButtonAndPersonnelSecurityOptionSelected" tests="1" failures="0" timestamp="2023-05-06T18:12:10 IST" time="26.511" errors="0">
  <testcase name="subControlNameDropdown" time="26.511" classname="technologyRisk.DropdownSubControlNameIfOperationalRadioButtonAndPersonnelSecurityOptionSelected"/>
  <system-out>
    <![CDATA[Successfully clicked on Technology Risk Assessment text on Hipaa Risk Management Page
Successfully clicked on Risk Assessment on left navigation bar in technology risks page
The Operational Personnel Security Sub Control Name Dropdown options from UI are 








PERSONNEL SECURITY POLICY AND PROCEDURES
POSITION RISK DESIGNATION
PERSONNEL SCREENING
PERSONNEL TERMINATION
PERSONNEL TRANSFER
ACCESS AGREEMENTS
THIRD-PARTY PERSONNEL SECURITY
PERSONNEL SANCTIONS
Error : DropDown options from UI are not matching with expected option in the excel]]>
  </system-out>
</testsuite> <!-- technologyRisk.DropdownSubControlNameIfOperationalRadioButtonAndPersonnelSecurityOptionSelected -->
