<?xml version="1.0" encoding="UTF-8"?>
<!-- Generated by org.testng.reporters.JUnitReportReporter -->
<testsuite skipped="0" hostname="DESKTOP-4SLAKQP" name="technologyRisk.DropdownRiskAssetClass" tests="1" failures="0" timestamp="2023-05-06T18:12:10 IST" time="23.181" errors="0">
  <testcase name="riskAssetClassDropdownInTechnologyRisk" time="23.181" classname="technologyRisk.DropdownRiskAssetClass"/>
  <system-out>
    <![CDATA[Successfully clicked on Technology Risk Assessment text on Hipaa Risk Management Page
Successfully clicked on Risk Assessment on left navigation bar in technology risks page
The Risk Asset Class Dropdown options from UI are 
ePHI Software
Laptop
Mobile/Handheld Devices
Network Infrastructure
Operating System
Server Hardware
Server Software
The Risk Asset Class Dropdown Options from Excel are
ePHI Software
Laptop
Mobile/Handheld Devices
Network Infrastructure
Operating System
Server Hardware
Server Software
Options are Matching]]>
  </system-out>
</testsuite> <!-- technologyRisk.DropdownRiskAssetClass -->
