<?xml version="1.0" encoding="UTF-8"?>
<!-- Generated by org.testng.reporters.JUnitReportReporter -->
<testsuite hostname="DESKTOP-4SLAKQP" failures="0" tests="2" name="administrativeRisk.ToCreateANewAdministrativeRiskAssessment" time="111.660" errors="0" timestamp="2023-05-02T16:11:23 IST" skipped="0">
  <testcase classname="administrativeRisk.ToCreateANewAdministrativeRiskAssessment" name="newTchnologyRiskAssessment" time="48.637"/>
  <system-out>
    <![CDATA[The Risk ID captured is RSKA681
The captured description :The information system uniquely identifies and authenticates [Assignment: organization-defined specific and/or types of devices] before establishing a [Selection (one or more): local; remote; network] connection.
The Target Quarter is :
The Data in Edit Technology Risk Assessment Page is :
RSKA681
null
Accounts
ToTest
Shashank
Audit
Human
Totest
Testing
Testing
Confidentiality
Low
Access Control
IDENTIFICATION AND AUTHENTICATION POLICY AND PROCEDURES
The information system uniquely identifies and authenticates [Assignment: organization-defined specific and/or types of devices] before establishing a [Selection (one or more): local; remote; network] connection.
Q4
Emergency
Mitigate
Open
]]>
  </system-out>
  <testcase classname="administrativeRisk.ToCreateANewAdministrativeRiskAssessment" name="newTchnologyRiskAssessment" time="63.023"/>
  <system-out>
    <![CDATA[The Risk ID captured is RSKA845
The captured description :
The Target Quarter is :
The Data in Edit Technology Risk Assessment Page is :
RSKA845
null
Accounts
ToTest
Shashank
Audit
Human
Totest
Testing
Testing
Confidentiality
Low
Access Control
IDENTIFICATION AND AUTHENTICATION POLICY AND PROCEDURES
The information system uniquely identifies and authenticates [Assignment: organization-defined specific and/or types of devices] before establishing a [Selection (one or more): local; remote; network] connection.
Q4
Emergency
Mitigate
Open
]]>
  </system-out>
</testsuite> <!-- administrativeRisk.ToCreateANewAdministrativeRiskAssessment -->
