<?xml version="1.0" encoding="UTF-8"?>
<!-- Generated by org.testng.reporters.JUnitReportReporter -->
<testsuite hostname="DESKTOP-4SLAKQP" failures="0" tests="1" name="technologyRisk.DropdownSubControlNameIfManagementRadioButtonAndRiskAssessmentOptionSelected" time="20.848" errors="0" timestamp="2023-05-03T14:56:45 IST" skipped="0">
  <testcase classname="technologyRisk.DropdownSubControlNameIfManagementRadioButtonAndRiskAssessmentOptionSelected" name="subControlNameDropdown" time="20.848"/>
  <system-out>
    <![CDATA[Successfully clicked on Technology Risk Assessment text on Hipaa Risk Management Page
Successfully clicked on Risk Assessment on left navigation bar in technology risks page
The Management Planning Sub Control Name Dropdown options from UI are 



RISK ASSESSMENT POLICY AND PROCEDURES
SECURITY CATEGORIZATION
RISK ASSESSMENT
RISK ASSESSMENT UPDATE
VULNERABILITY SCANNING
TECHNICAL SURVEILLANCE COUNTERMEASURES SURVEY
The Management Planning Sub Control Name Dropdown Options from Excel are
===========Mismatched between options ============ 
Expected===> SECURITY PLANNING POLICY AND PROCEDURESActual===> 
===========Mismatched between options ============ 
Expected===> SYSTEM SECURITY PLANActual===> 
===========Mismatched between options ============ 
Expected===> SYSTEM SECURITY PLAN UPDATEActual===> 
===========Mismatched between options ============ 
Expected===> RULES OF BEHAVIORActual===> RISK ASSESSMENT POLICY AND PROCEDURES
===========Mismatched between options ============ 
Expected===> PRIVACY IMPACT ASSESSMENTActual===> SECURITY CATEGORIZATION
===========Mismatched between options ============ 
Expected===> SECURITY-RELATED ACTIVITY PLANNINGActual===> RISK ASSESSMENT
===========Mismatched between options ============ 
Expected===> SECURITY CONCEPT OF OPERATIONSActual===> RISK ASSESSMENT UPDATE
===========Mismatched between options ============ 
Expected===> INFORMATION SECURITY ARCHITECTUREActual===> VULNERABILITY SCANNING
===========Mismatched between options ============ 
Expected===> CENTRAL MANAGEMENTActual===> TECHNICAL SURVEILLANCE COUNTERMEASURES SURVEY
Options are not Matching]]>
  </system-out>
</testsuite> <!-- technologyRisk.DropdownSubControlNameIfManagementRadioButtonAndRiskAssessmentOptionSelected -->
