<?xml version="1.0" encoding="UTF-8"?>
<!-- Generated by org.testng.reporters.JUnitReportReporter -->
<testsuite hostname="TYSS-Shashank" failures="0" tests="1" name="HipaaWebsite.Test1" time="56.607" errors="0" timestamp="2023-04-21T21:39:00 IST" skipped="0">
  <testcase classname="HipaaWebsite.Test1" name="addTest" time="56.607"/>
  <system-out/>
</testsuite> <!-- HipaaWebsite.Test1 -->
