<?xml version="1.0" encoding="UTF-8"?>
<!-- Generated by org.testng.reporters.JUnitReportReporter -->
<testsuite hostname="DESKTOP-4SLAKQP" failures="0" tests="26" name="technologyRisk.ToVerifyAllTheLabelsInNewRiskPage" time="27.643" errors="0" timestamp="2023-05-01T16:00:03 IST" skipped="0">
  <testcase classname="technologyRisk.ToVerifyAllTheLabelsInNewRiskPage" name="riskId" time="25.633"/>
  <system-out>
    <![CDATA[Verifyed Risk Id label in New Page]]>
  </system-out>
  <testcase classname="technologyRisk.ToVerifyAllTheLabelsInNewRiskPage" name="riskAssetClass" time="0.108"/>
  <system-out>
    <![CDATA[Verifyed Risk Asset Class label in New Page]]>
  </system-out>
  <testcase classname="technologyRisk.ToVerifyAllTheLabelsInNewRiskPage" name="departmentName" time="0.082"/>
  <system-out>
    <![CDATA[Verifyed Department Name label in New Page]]>
  </system-out>
  <testcase classname="technologyRisk.ToVerifyAllTheLabelsInNewRiskPage" name="entityName" time="0.078"/>
  <system-out>
    <![CDATA[Verifyed Entity Name label in New Page]]>
  </system-out>
  <testcase classname="technologyRisk.ToVerifyAllTheLabelsInNewRiskPage" name="assessor" time="0.150"/>
  <system-out>
    <![CDATA[Verifyed Assessor label in New Page]]>
  </system-out>
  <testcase classname="technologyRisk.ToVerifyAllTheLabelsInNewRiskPage" name="assessed" time="0.100"/>
  <system-out>
    <![CDATA[Verifyed Assessed label in New Page]]>
  </system-out>
  <testcase classname="technologyRisk.ToVerifyAllTheLabelsInNewRiskPage" name="riskInput" time="0.084"/>
  <system-out>
    <![CDATA[Verifyed Risk Input label in New Page]]>
  </system-out>
  <testcase classname="technologyRisk.ToVerifyAllTheLabelsInNewRiskPage" name="threatSource" time="0.089"/>
  <system-out>
    <![CDATA[Verifyed Threat Source label in New Page]]>
  </system-out>
  <testcase classname="technologyRisk.ToVerifyAllTheLabelsInNewRiskPage" name="riskDescription" time="0.071"/>
  <system-out>
    <![CDATA[Verifyed Risk Description label in New Page]]>
  </system-out>
  <testcase classname="technologyRisk.ToVerifyAllTheLabelsInNewRiskPage" name="existingControls" time="0.077"/>
  <system-out>
    <![CDATA[Verifyed Existing Controls label in New Page]]>
  </system-out>
  <testcase classname="technologyRisk.ToVerifyAllTheLabelsInNewRiskPage" name="riskImpactCategory" time="0.066"/>
  <system-out>
    <![CDATA[Verifyed Risk Impact Category label in New Page]]>
  </system-out>
  <testcase classname="technologyRisk.ToVerifyAllTheLabelsInNewRiskPage" name="probabilityOfOccurance" time="0.079"/>
  <system-out>
    <![CDATA[Verifyed Probability of Occurance label in New Page]]>
  </system-out>
  <testcase classname="technologyRisk.ToVerifyAllTheLabelsInNewRiskPage" name="impactLevel" time="0.088"/>
  <system-out>
    <![CDATA[Verifyed Impact Level label in New Page]]>
  </system-out>
  <testcase classname="technologyRisk.ToVerifyAllTheLabelsInNewRiskPage" name="riskExposureLevel" time="0.066"/>
  <system-out>
    <![CDATA[Verifyed Risk Exposure Level label in New Page]]>
  </system-out>
  <testcase classname="technologyRisk.ToVerifyAllTheLabelsInNewRiskPage" name="selectControlClass" time="0.073"/>
  <system-out>
    <![CDATA[Verifyed Select Control Class label in New Page]]>
  </system-out>
  <testcase classname="technologyRisk.ToVerifyAllTheLabelsInNewRiskPage" name="controlName" time="0.067"/>
  <system-out>
    <![CDATA[Verifyed Control Name Class label in New Page]]>
  </system-out>
  <testcase classname="technologyRisk.ToVerifyAllTheLabelsInNewRiskPage" name="subControlName" time="0.080"/>
  <system-out>
    <![CDATA[Verifyed Sub Control Name label in New Page]]>
  </system-out>
  <testcase classname="technologyRisk.ToVerifyAllTheLabelsInNewRiskPage" name="description" time="0.080"/>
  <system-out>
    <![CDATA[Verifyed Description label in New Page]]>
  </system-out>
  <testcase classname="technologyRisk.ToVerifyAllTheLabelsInNewRiskPage" name="newControls" time="0.091"/>
  <system-out>
    <![CDATA[Verifyed New Control label in New Page]]>
  </system-out>
  <testcase classname="technologyRisk.ToVerifyAllTheLabelsInNewRiskPage" name="responsible" time="0.068"/>
  <system-out>
    <![CDATA[Verifyed Responsible label in New Page]]>
  </system-out>
  <testcase classname="technologyRisk.ToVerifyAllTheLabelsInNewRiskPage" name="targetDate" time="0.068"/>
  <system-out>
    <![CDATA[Verifyed Target Date label in New Page]]>
  </system-out>
  <testcase classname="technologyRisk.ToVerifyAllTheLabelsInNewRiskPage" name="targetQuarter" time="0.066"/>
  <system-out>
    <![CDATA[Verifyed Target Quarter label in New Page]]>
  </system-out>
  <testcase classname="technologyRisk.ToVerifyAllTheLabelsInNewRiskPage" name="responsibleDept" time="0.070"/>
  <system-out>
    <![CDATA[Verifyed Responsible Dept label in New Page]]>
  </system-out>
  <testcase classname="technologyRisk.ToVerifyAllTheLabelsInNewRiskPage" name="riskResponse" time="0.054"/>
  <system-out>
    <![CDATA[Verifyed Risk Response label in New Page]]>
  </system-out>
  <testcase classname="technologyRisk.ToVerifyAllTheLabelsInNewRiskPage" name="status" time="0.078"/>
  <system-out>
    <![CDATA[Verifyed Status label in New Page]]>
  </system-out>
  <testcase classname="technologyRisk.ToVerifyAllTheLabelsInNewRiskPage" name="closedDate" time="0.077"/>
  <system-out>
    <![CDATA[Verifyed  Closed Date label in New Page]]>
  </system-out>
</testsuite> <!-- technologyRisk.ToVerifyAllTheLabelsInNewRiskPage -->
