<?xml version="1.0" encoding="UTF-8"?>
<!-- Generated by org.testng.reporters.JUnitReportReporter -->
<testsuite skipped="0" hostname="DESKTOP-4SLAKQP" name="administrativeRisk.ToVerifyAllTheLabelsInAdministrativeRiskPage" tests="26" failures="0" timestamp="2023-05-06T22:57:57 IST" time="23.282" errors="0">
  <testcase name="riskIdLabelInAdministrativeRisk" time="20.493" classname="administrativeRisk.ToVerifyAllTheLabelsInAdministrativeRiskPage"/>
  <system-out>
    <![CDATA[Verifyed Risk Id label in Administrative Risk Page]]>
  </system-out>
  <testcase name="riskAgentLabelInAdministrativeRisk" time="0.126" classname="administrativeRisk.ToVerifyAllTheLabelsInAdministrativeRiskPage"/>
  <system-out>
    <![CDATA[Verifyed Risk Agent label in Administrative Risk Page]]>
  </system-out>
  <testcase name="departmentNameLabelInAdministrativeRisk" time="0.108" classname="administrativeRisk.ToVerifyAllTheLabelsInAdministrativeRiskPage"/>
  <system-out>
    <![CDATA[Verifyed Department Name label in Administrative Risk Page]]>
  </system-out>
  <testcase name="entityNameLabelInAdministrativeRisk" time="0.129" classname="administrativeRisk.ToVerifyAllTheLabelsInAdministrativeRiskPage"/>
  <system-out>
    <![CDATA[Verifyed Entity Name label in Administrative Risk Page]]>
  </system-out>
  <testcase name="assessorLabelInAdministrativeRisk" time="0.180" classname="administrativeRisk.ToVerifyAllTheLabelsInAdministrativeRiskPage"/>
  <system-out>
    <![CDATA[Verifyed Assessor label in Administrative Risk Page]]>
  </system-out>
  <testcase name="assessedLabelInAdministrativeRisk" time="0.127" classname="administrativeRisk.ToVerifyAllTheLabelsInAdministrativeRiskPage"/>
  <system-out>
    <![CDATA[Verifyed Assessed label in Administrative Risk Page]]>
  </system-out>
  <testcase name="riskInputLabelInAdministrativeRisk" time="0.153" classname="administrativeRisk.ToVerifyAllTheLabelsInAdministrativeRiskPage"/>
  <system-out>
    <![CDATA[Verifyed Risk Input label in Administrative Risk Page]]>
  </system-out>
  <testcase name="threatSourceLabelInAdministrativeRisk" time="0.165" classname="administrativeRisk.ToVerifyAllTheLabelsInAdministrativeRiskPage"/>
  <system-out>
    <![CDATA[Verifyed Threat Source label in Administrative Risk Page]]>
  </system-out>
  <testcase name="riskDescriptionLabelInAdministrativeRisk" time="0.108" classname="administrativeRisk.ToVerifyAllTheLabelsInAdministrativeRiskPage"/>
  <system-out>
    <![CDATA[Verifyed Risk Description label in Administrative Risk Page]]>
  </system-out>
  <testcase name="existingControlsLabelInAdministrativeRisk" time="0.105" classname="administrativeRisk.ToVerifyAllTheLabelsInAdministrativeRiskPage"/>
  <system-out>
    <![CDATA[Verifyed Existing Controls label in Administrative Risk Page]]>
  </system-out>
  <testcase name="riskImpactCategoryLabelInAdministrativeRisk" time="0.099" classname="administrativeRisk.ToVerifyAllTheLabelsInAdministrativeRiskPage"/>
  <system-out>
    <![CDATA[Verifyed Risk Impact Category label in Administrative Risk Page]]>
  </system-out>
  <testcase name="probabilityOfOccuranceLabelInAdministrativeRisk" time="0.114" classname="administrativeRisk.ToVerifyAllTheLabelsInAdministrativeRiskPage"/>
  <system-out>
    <![CDATA[Verifyed Probability of Occurance label in Administrative Risk Page]]>
  </system-out>
  <testcase name="impactLevelLabelInAdministrativeRisk" time="0.077" classname="administrativeRisk.ToVerifyAllTheLabelsInAdministrativeRiskPage"/>
  <system-out>
    <![CDATA[Verifyed Impact Level label in Administrative Risk Page]]>
  </system-out>
  <testcase name="riskExposureLevelLabelInAdministrativeRisk" time="0.093" classname="administrativeRisk.ToVerifyAllTheLabelsInAdministrativeRiskPage"/>
  <system-out>
    <![CDATA[Verifyed Risk Exposure Level label in Administrative Risk Page]]>
  </system-out>
  <testcase name="selectControlClassLabelInAdministrativeRisk" time="0.114" classname="administrativeRisk.ToVerifyAllTheLabelsInAdministrativeRiskPage"/>
  <system-out>
    <![CDATA[Verifyed Select Control Class label in Administrative Risk Page]]>
  </system-out>
  <testcase name="controlNameLabelInAdministrativeRisk" time="0.092" classname="administrativeRisk.ToVerifyAllTheLabelsInAdministrativeRiskPage"/>
  <system-out>
    <![CDATA[Verifyed Control Name Class label in Administrative Risk Page]]>
  </system-out>
  <testcase name="subControlNameLabelInAdministrativeRisk" time="0.118" classname="administrativeRisk.ToVerifyAllTheLabelsInAdministrativeRiskPage"/>
  <system-out>
    <![CDATA[Verifyed Sub Control Name label in Administrative Risk Page]]>
  </system-out>
  <testcase name="descriptionLabelInAdministrativeRisk" time="0.091" classname="administrativeRisk.ToVerifyAllTheLabelsInAdministrativeRiskPage"/>
  <system-out>
    <![CDATA[Verifyed Description label in Administrative Risk Page]]>
  </system-out>
  <testcase name="newControlsLabelInAdministrativeRisk" time="0.094" classname="administrativeRisk.ToVerifyAllTheLabelsInAdministrativeRiskPage"/>
  <system-out>
    <![CDATA[Verifyed New Control label in Administrative Risk Page]]>
  </system-out>
  <testcase name="responsibleLabelInAdministrativeRisk" time="0.098" classname="administrativeRisk.ToVerifyAllTheLabelsInAdministrativeRiskPage"/>
  <system-out>
    <![CDATA[Verifyed Responsible label in Administrative Risk Page]]>
  </system-out>
  <testcase name="targetDateLabelInAdministrativeRisk" time="0.097" classname="administrativeRisk.ToVerifyAllTheLabelsInAdministrativeRiskPage"/>
  <system-out>
    <![CDATA[Verifyed Target Date label in Administrative Risk Page]]>
  </system-out>
  <testcase name="targetQuarterLabelInAdministrativeRisk" time="0.093" classname="administrativeRisk.ToVerifyAllTheLabelsInAdministrativeRiskPage"/>
  <system-out>
    <![CDATA[Verifyed Target Quarter label in Administrative Risk Page]]>
  </system-out>
  <testcase name="responsibleDeptLabelInAdministrativeRisk" time="0.082" classname="administrativeRisk.ToVerifyAllTheLabelsInAdministrativeRiskPage"/>
  <system-out>
    <![CDATA[Verifyed Responsible Dept label in Administrative Risk Page]]>
  </system-out>
  <testcase name="riskResponseLabelInAdministrativeRisk" time="0.075" classname="administrativeRisk.ToVerifyAllTheLabelsInAdministrativeRiskPage"/>
  <system-out>
    <![CDATA[Verifyed Risk Response label in Administrative Risk Page]]>
  </system-out>
  <testcase name="statusLabelInAdministrativeRisk" time="0.126" classname="administrativeRisk.ToVerifyAllTheLabelsInAdministrativeRiskPage"/>
  <system-out>
    <![CDATA[Verifyed Status label in Administrative Risk Page]]>
  </system-out>
  <testcase name="closedDateLabelInAdministrativeRisk" time="0.125" classname="administrativeRisk.ToVerifyAllTheLabelsInAdministrativeRiskPage"/>
  <system-out>
    <![CDATA[Verifyed  Closed Date label in Administrative Risk Page]]>
  </system-out>
</testsuite> <!-- administrativeRisk.ToVerifyAllTheLabelsInAdministrativeRiskPage -->
