<?xml version="1.0" encoding="UTF-8"?>
<!-- Generated by org.testng.reporters.JUnitReportReporter -->
<testsuite skipped="0" hostname="DESKTOP-4SLAKQP" name="physicalRisk.DropdownRiskInput" tests="1" failures="0" timestamp="2023-05-08T12:53:11 IST" time="22.890" errors="0">
  <testcase name="riskInputDropdownInPhysicalRisk" time="22.890" classname="physicalRisk.DropdownRiskInput"/>
  <system-out>
    <![CDATA[Successfully clicked on Physical Risk Assessment text on Hipaa Risk Management Page
Successfully clicked on Risk Assessment on left navigation bar in Physical risks page
The Risk Input Dropdown options from UI are 
Feedback
Audit
Management Review
Periodic Review
Customer
The Risk Input Dropdown Options from Excel are
Feedback
Audit
Management Review
Periodic Review
Customer
Options are Matching]]>
  </system-out>
</testsuite> <!-- physicalRisk.DropdownRiskInput -->
