<?xml version="1.0" encoding="UTF-8"?>
<!-- Generated by org.testng.reporters.JUnitReportReporter -->
<testsuite skipped="0" hostname="DESKTOP-4SLAKQP" name="physicalRisk.DropdownSubControlNameIfTechnicalRadioButtonAndIdentificationAndAuthenticationOptionSelected" tests="1" failures="0" timestamp="2023-05-08T12:53:11 IST" time="10.943" errors="0">
  <testcase name="dropdownSubControlNameIfTechnicalRadioButtonAndIdentificationAndAuthenticationOptionSelected" time="10.943" classname="physicalRisk.DropdownSubControlNameIfTechnicalRadioButtonAndIdentificationAndAuthenticationOptionSelected"/>
  <system-out>
    <![CDATA[Successfully clicked on Physical Risk Assessment text on Hipaa Risk Management Page
Successfully clicked on Risk Assessment on left navigation bar in Physical risks page
The Technical Identification and Authentication Sub Control Name Dropdown options from UI are 



IDENTIFICATION AND AUTHENTICATION POLICY AND PROCEDURES
IDENTIFICATION AND AUTHENTICATION
DEVICE IDENTIFICATION AND AUTHENTICATION
IDENTIFIER MANAGEMENT
AUTHENTICATOR MANAGEMENT
AUTHENTICATOR FEEDBACK
CRYPTOGRAPHIC MODULE AUTHENTICATION
IDENTIFICATION AND AUTHENTICATION
SERVICE IDENTIFICATION AND AUTHENTICATION
ADAPTIVE IDENTIFICATION AND AUTHENTICATION
RE-AUTHENTICATION
Error : DropDown options from UI are not matching with expected option in the excel]]>
  </system-out>
</testsuite> <!-- physicalRisk.DropdownSubControlNameIfTechnicalRadioButtonAndIdentificationAndAuthenticationOptionSelected -->
