<?xml version="1.0" encoding="UTF-8"?>
<!-- Generated by org.testng.reporters.JUnitReportReporter -->
<testsuite hostname="DESKTOP-4SLAKQP" failures="0" tests="1" name="physicalRisk.ToCreateANewPhysicalRiskAssessment" time="0.000" errors="0" timestamp="2023-05-04T16:35:32 IST" skipped="1">
  <testcase classname="physicalRisk.ToCreateANewPhysicalRiskAssessment" name="newPhysicalRiskAssessment" time="0.000">
    <skipped/>
  </testcase> <!-- newPhysicalRiskAssessment -->
  <system-out/>
</testsuite> <!-- physicalRisk.ToCreateANewPhysicalRiskAssessment -->
