<?xml version="1.0" encoding="UTF-8"?>
<!-- Generated by org.testng.reporters.JUnitReportReporter -->
<testsuite hostname="DESKTOP-4SLAKQP" failures="0" tests="1" name="technologyRisk.DropdownRiskAssetClassInSoftware" time="24.391" errors="0" timestamp="2023-05-03T20:37:16 IST" skipped="0">
  <testcase classname="technologyRisk.DropdownRiskAssetClassInSoftware" name="riskAssetClassDropdown" time="24.391"/>
  <system-out>
    <![CDATA[Successfully clicked on Technology Risk Assessment text on Hipaa Risk Management Page
Successfully clicked on Risk Assessment on left navigation bar in technology risks page
The Asset Class Dropdown options from UI are 
ePHI Software
Operating System
Server Software
Oracle Database
SQL Database
Error : DropDown options from UI are not matching with expected option in the excel]]>
  </system-out>
</testsuite> <!-- technologyRisk.DropdownRiskAssetClassInSoftware -->
