<?xml version="1.0" encoding="UTF-8"?>
<!-- Generated by org.testng.reporters.JUnitReportReporter -->
<testsuite skipped="0" hostname="DESKTOP-4SLAKQP" name="technologyRisk.DropdownSubControlNameIfOperationalRadioButtonAndConfigurationManagementOptionSelected" tests="1" failures="0" timestamp="2023-05-06T18:12:10 IST" time="23.659" errors="0">
  <testcase name="dropdownSubControlNameIfOperationalRadioButtonAndConfigurationManagementOptionSelected" time="23.659" classname="technologyRisk.DropdownSubControlNameIfOperationalRadioButtonAndConfigurationManagementOptionSelected"/>
  <system-out>
    <![CDATA[Successfully clicked on Technology Risk Assessment text on Hipaa Risk Management Page
Successfully clicked on Risk Assessment on left navigation bar in technology risks page
The Operational Configuration Management Sub Control Name Dropdown options from UI are 








CONFIGURATION MANAGEMENT POLICY AND PROCEDURES
BASELINE CONFIGURATION
CONFIGURATION CHANGE CONTROL
SECURITY IMPACT ANALYSIS
ACCESS RESTRICTIONS FOR CHANGE
CONFIGURATION SETTINGS
LEAST FUNCTIONALITY
INFORMATION SYSTEM COMPONENT INVENTORY
CONFIGURATION MANAGEMENT PLAN
SOFTWARE USAGE RESTRICTIONS
USER-INSTALLED SOFTWARE
Error : DropDown options from UI are not matching with expected option in the excel]]>
  </system-out>
</testsuite> <!-- technologyRisk.DropdownSubControlNameIfOperationalRadioButtonAndConfigurationManagementOptionSelected -->
