<?xml version="1.0" encoding="UTF-8"?>
<!-- Generated by org.testng.reporters.JUnitReportReporter -->
<testsuite hostname="DESKTOP-4SLAKQP" failures="0" tests="1" name="technologyRisk.DropdownRiskAssessFrequencyInHardware" time="17.948" errors="0" timestamp="2023-05-04T10:09:45 IST" skipped="0">
  <testcase classname="technologyRisk.DropdownRiskAssessFrequencyInHardware" name="riskAssessFrequencyDropdown" time="17.948"/>
  <system-out>
    <![CDATA[Successfully clicked on Technology Risk Assessment text on Hipaa Risk Management Page
Successfully clicked on Risk Assessment on left navigation bar in technology risks page
The Risk assess frequency Dropdown options from UI are 
As per policy
Ahdoc/Need basis
The Risk assess frequency Dropdown Options from Excel are
As per policy
Ahdoc/Need basis
Options are Matching]]>
  </system-out>
</testsuite> <!-- technologyRisk.DropdownRiskAssessFrequencyInHardware -->
