<?xml version="1.0" encoding="UTF-8"?>
<!-- Generated by org.testng.reporters.JUnitReportReporter -->
<testsuite hostname="TYSS-Shashank" failures="0" tests="1" name="Hipaa.ToCreateNewHardwareAsset" time="37.401" errors="0" timestamp="2023-04-24T23:02:22 IST" skipped="0">
  <testcase classname="Hipaa.ToCreateNewHardwareAsset" name="createNewHardwareAsset" time="37.401"/>
  <system-out>
    <![CDATA[The Risk ID captured is BVE249
Successfully verified Success Message in Hardware Asset Page on creating a New Hardware Asset
BVE249
Network
Infrastructure
Test
Test
Sony
Medium
As
per
policy
Patient
billing
Test
Diagnostics]]>
  </system-out>
</testsuite> <!-- Hipaa.ToCreateNewHardwareAsset -->
